{"numFailedTestSuites":6,"numFailedTests":24,"numPassedTestSuites":6,"numPassedTests":94,"numPendingTestSuites":0,"numPendingTests":0,"numRuntimeErrorTestSuites":1,"numTodoTests":0,"numTotalTestSuites":12,"numTotalTests":118,"openHandles":[],"snapshot":{"added":0,"didUpdate":false,"failure":false,"filesAdded":0,"filesRemoved":0,"filesRemovedList":[],"filesUnmatched":0,"filesUpdated":0,"matched":0,"total":0,"unchecked":0,"uncheckedKeysByFile":[],"unmatched":0,"updated":0},"startTime":1766585561917,"success":false,"testResults":[{"assertionResults":[{"ancestorTitles":["APIError"],"duration":8,"failing":false,"failureDetails":[],"failureMessages":[],"fullName":"APIError should create an APIError with correct properties","invocations":1,"location":null,"numPassingAsserts":3,"retryReasons":[],"startAt":1766585563737,"status":"passed","title":"should create an APIError with correct properties"},{"ancestorTitles":["APIError"],"duration":2,"failing":false,"failureDetails":[],"failureMessages":[],"fullName":"APIError should include parsed Zod errors if provided","invocations":1,"location":null,"numPassingAsserts":1,"retryReasons":[],"startAt":1766585563746,"status":"passed","title":"should include parsed Zod errors if provided"},{"ancestorTitles":["handleAPIError"],"duration":29,"failing":false,"failureDetails":[],"failureMessages":[],"fullName":"handleAPIError should return correct response for APIError","invocations":1,"location":null,"numPassingAsserts":3,"retryReasons":[],"startAt":1766585563748,"status":"passed","title":"should return correct response for APIError"},{"ancestorTitles":["handleAPIError"],"duration":3,"failing":false,"failureDetails":[],"failureMessages":[],"fullName":"handleAPIError should include requestId in response if provided","invocations":1,"location":null,"numPassingAsserts":1,"retryReasons":[],"startAt":1766585563778,"status":"passed","title":"should include requestId in response if provided"},{"ancestorTitles":["handleAPIError"],"duration":5,"failing":false,"failureDetails":[],"failureMessages":[],"fullName":"handleAPIError should include validation errors for Zod failures","invocations":1,"location":null,"numPassingAsserts":1,"retryReasons":[],"startAt":1766585563781,"status":"passed","title":"should include validation errors for Zod failures"},{"ancestorTitles":["handleAPIError"],"duration":3,"failing":false,"failureDetails":[],"failureMessages":[],"fullName":"handleAPIError should return 500 for unexpected errors","invocations":1,"location":null,"numPassingAsserts":3,"retryReasons":[],"startAt":1766585563786,"status":"passed","title":"should return 500 for unexpected errors"},{"ancestorTitles":["handleAPIError"],"duration":5,"failing":false,"failureDetails":[],"failureMessages":[],"fullName":"handleAPIError should hide error details in production","invocations":1,"location":null,"numPassingAsserts":1,"retryReasons":[],"startAt":1766585563789,"status":"passed","title":"should hide error details in production"},{"ancestorTitles":["handleAPIError"],"duration":3,"failing":false,"failureDetails":[],"failureMessages":[],"fullName":"handleAPIError should show error details in development","invocations":1,"location":null,"numPassingAsserts":1,"retryReasons":[],"startAt":1766585563794,"status":"passed","title":"should show error details in development"}],"endTime":1766585563801,"message":"","name":"C:\\Users\\migna\\Documents\\tono\\__tests__\\unit\\lib\\api\\errorHandler.test.ts","startTime":1766585562761,"status":"passed","summary":""},{"assertionResults":[{"ancestorTitles":["/api/tones/[id]","GET /api/tones/[id]"],"duration":43,"failing":false,"failureDetails":[],"failureMessages":[],"fullName":"/api/tones/[id] GET /api/tones/[id] should return 200 with tone","invocations":1,"location":null,"numPassingAsserts":2,"retryReasons":[],"startAt":1766585563887,"status":"passed","title":"should return 200 with tone"},{"ancestorTitles":["/api/tones/[id]","GET /api/tones/[id]"],"duration":32,"failing":false,"failureDetails":[],"failureMessages":[],"fullName":"/api/tones/[id] GET /api/tones/[id] should return 401 when unauthorized","invocations":1,"location":null,"numPassingAsserts":2,"retryReasons":[],"startAt":1766585563930,"status":"passed","title":"should return 401 when unauthorized"},{"ancestorTitles":["/api/tones/[id]","GET /api/tones/[id]"],"duration":4,"failing":false,"failureDetails":[],"failureMessages":[],"fullName":"/api/tones/[id] GET /api/tones/[id] should return 429 when rate limited","invocations":1,"location":null,"numPassingAsserts":2,"retryReasons":[],"startAt":1766585563962,"status":"passed","title":"should return 429 when rate limited"},{"ancestorTitles":["/api/tones/[id]","GET /api/tones/[id]"],"duration":4,"failing":false,"failureDetails":[],"failureMessages":[],"fullName":"/api/tones/[id] GET /api/tones/[id] should return 404 when user not found","invocations":1,"location":null,"numPassingAsserts":2,"retryReasons":[],"startAt":1766585563966,"status":"passed","title":"should return 404 when user not found"},{"ancestorTitles":["/api/tones/[id]","GET /api/tones/[id]"],"duration":5,"failing":false,"failureDetails":[],"failureMessages":[],"fullName":"/api/tones/[id] GET /api/tones/[id] should return 404 when tone not found","invocations":1,"location":null,"numPassingAsserts":2,"retryReasons":[],"startAt":1766585563971,"status":"passed","title":"should return 404 when tone not found"},{"ancestorTitles":["/api/tones/[id]","GET /api/tones/[id]"],"duration":5,"failing":false,"failureDetails":[],"failureMessages":[],"fullName":"/api/tones/[id] GET /api/tones/[id] should return 400 for invalid id","invocations":1,"location":null,"numPassingAsserts":2,"retryReasons":[],"startAt":1766585563977,"status":"passed","title":"should return 400 for invalid id"},{"ancestorTitles":["/api/tones/[id]","GET /api/tones/[id]"],"duration":3,"failing":false,"failureDetails":[],"failureMessages":[],"fullName":"/api/tones/[id] GET /api/tones/[id] should return 404 when accessing another users tone","invocations":1,"location":null,"numPassingAsserts":2,"retryReasons":[],"startAt":1766585563982,"status":"passed","title":"should return 404 when accessing another users tone"},{"ancestorTitles":["/api/tones/[id]","GET /api/tones/[id]"],"duration":5,"failing":false,"failureDetails":[],"failureMessages":[],"fullName":"/api/tones/[id] GET /api/tones/[id] should handle database error gracefully","invocations":1,"location":null,"numPassingAsserts":2,"retryReasons":[],"startAt":1766585563986,"status":"passed","title":"should handle database error gracefully"},{"ancestorTitles":["/api/tones/[id]","PUT /api/tones/[id]"],"duration":12,"failing":false,"failureDetails":[],"failureMessages":[],"fullName":"/api/tones/[id] PUT /api/tones/[id] should update tone and regenerate AI if gear changed","invocations":1,"location":null,"numPassingAsserts":3,"retryReasons":[],"startAt":1766585563991,"status":"passed","title":"should update tone and regenerate AI if gear changed"},{"ancestorTitles":["/api/tones/[id]","PUT /api/tones/[id]"],"duration":5,"failing":false,"failureDetails":[],"failureMessages":[],"fullName":"/api/tones/[id] PUT /api/tones/[id] should update tone without regenerating AI if only name changed","invocations":1,"location":null,"numPassingAsserts":4,"retryReasons":[],"startAt":1766585564003,"status":"passed","title":"should update tone without regenerating AI if only name changed"},{"ancestorTitles":["/api/tones/[id]","PUT /api/tones/[id]"],"duration":5,"failing":false,"failureDetails":[],"failureMessages":[],"fullName":"/api/tones/[id] PUT /api/tones/[id] should return 429 when rate limit exceeded on gear change","invocations":1,"location":null,"numPassingAsserts":3,"retryReasons":[],"startAt":1766585564008,"status":"passed","title":"should return 429 when rate limit exceeded on gear change"},{"ancestorTitles":["/api/tones/[id]","PUT /api/tones/[id]"],"duration":5,"failing":false,"failureDetails":[],"failureMessages":[],"fullName":"/api/tones/[id] PUT /api/tones/[id] should return 403 when credits exhausted on gear change","invocations":1,"location":null,"numPassingAsserts":3,"retryReasons":[],"startAt":1766585564013,"status":"passed","title":"should return 403 when credits exhausted on gear change"},{"ancestorTitles":["/api/tones/[id]","PUT /api/tones/[id]"],"duration":3,"failing":false,"failureDetails":[],"failureMessages":[],"fullName":"/api/tones/[id] PUT /api/tones/[id] should return 401 when unauthorized","invocations":1,"location":null,"numPassingAsserts":2,"retryReasons":[],"startAt":1766585564018,"status":"passed","title":"should return 401 when unauthorized"},{"ancestorTitles":["/api/tones/[id]","PUT /api/tones/[id]"],"duration":3,"failing":false,"failureDetails":[],"failureMessages":[],"fullName":"/api/tones/[id] PUT /api/tones/[id] should return 400 for invalid ID","invocations":1,"location":null,"numPassingAsserts":2,"retryReasons":[],"startAt":1766585564022,"status":"passed","title":"should return 400 for invalid ID"},{"ancestorTitles":["/api/tones/[id]","PUT /api/tones/[id]"],"duration":2,"failing":false,"failureDetails":[],"failureMessages":[],"fullName":"/api/tones/[id] PUT /api/tones/[id] should return 404 if user not found","invocations":1,"location":null,"numPassingAsserts":2,"retryReasons":[],"startAt":1766585564026,"status":"passed","title":"should return 404 if user not found"},{"ancestorTitles":["/api/tones/[id]","PUT /api/tones/[id]"],"duration":4,"failing":false,"failureDetails":[],"failureMessages":[],"fullName":"/api/tones/[id] PUT /api/tones/[id] should return 404 if tone not found","invocations":1,"location":null,"numPassingAsserts":2,"retryReasons":[],"startAt":1766585564029,"status":"passed","title":"should return 404 if tone not found"},{"ancestorTitles":["/api/tones/[id]","PUT /api/tones/[id]"],"duration":4,"failing":false,"failureDetails":[],"failureMessages":[],"fullName":"/api/tones/[id] PUT /api/tones/[id] should return 400 for invalid body","invocations":1,"location":null,"numPassingAsserts":2,"retryReasons":[],"startAt":1766585564033,"status":"passed","title":"should return 400 for invalid body"},{"ancestorTitles":["/api/tones/[id]","PUT /api/tones/[id]"],"duration":8,"failing":false,"failureDetails":[],"failureMessages":[],"fullName":"/api/tones/[id] PUT /api/tones/[id] should regenerate AI when only amp is changed","invocations":1,"location":null,"numPassingAsserts":2,"retryReasons":[],"startAt":1766585564037,"status":"passed","title":"should regenerate AI when only amp is changed"},{"ancestorTitles":["/api/tones/[id]","PUT /api/tones/[id]"],"duration":3,"failing":false,"failureDetails":[],"failureMessages":[],"fullName":"/api/tones/[id] PUT /api/tones/[id] should regenerate AI when description is changed","invocations":1,"location":null,"numPassingAsserts":1,"retryReasons":[],"startAt":1766585564045,"status":"passed","title":"should regenerate AI when description is changed"},{"ancestorTitles":["/api/tones/[id]","PUT /api/tones/[id]"],"duration":4,"failing":false,"failureDetails":[],"failureMessages":[],"fullName":"/api/tones/[id] PUT /api/tones/[id] should handle AI regeneration failure gracefully","invocations":1,"location":null,"numPassingAsserts":3,"retryReasons":[],"startAt":1766585564048,"status":"passed","title":"should handle AI regeneration failure gracefully"},{"ancestorTitles":["/api/tones/[id]","PUT /api/tones/[id]"],"duration":2,"failing":false,"failureDetails":[],"failureMessages":[],"fullName":"/api/tones/[id] PUT /api/tones/[id] should handle tone update failure after AI generation","invocations":1,"location":null,"numPassingAsserts":2,"retryReasons":[],"startAt":1766585564052,"status":"passed","title":"should handle tone update failure after AI generation"},{"ancestorTitles":["/api/tones/[id]","PUT /api/tones/[id]"],"duration":2,"failing":false,"failureDetails":[],"failureMessages":[],"fullName":"/api/tones/[id] PUT /api/tones/[id] should handle multiple gear fields changing at once","invocations":1,"location":null,"numPassingAsserts":2,"retryReasons":[],"startAt":1766585564055,"status":"passed","title":"should handle multiple gear fields changing at once"},{"ancestorTitles":["/api/tones/[id]","PUT /api/tones/[id]"],"duration":2,"failing":false,"failureDetails":[],"failureMessages":[],"fullName":"/api/tones/[id] PUT /api/tones/[id] should return 400 for malformed JSON","invocations":1,"location":null,"numPassingAsserts":2,"retryReasons":[],"startAt":1766585564057,"status":"passed","title":"should return 400 for malformed JSON"},{"ancestorTitles":["/api/tones/[id]","PUT /api/tones/[id]"],"duration":2,"failing":false,"failureDetails":[],"failureMessages":[],"fullName":"/api/tones/[id] PUT /api/tones/[id] should allow updating with empty optional fields","invocations":1,"location":null,"numPassingAsserts":2,"retryReasons":[],"startAt":1766585564059,"status":"passed","title":"should allow updating with empty optional fields"},{"ancestorTitles":["/api/tones/[id]","DELETE /api/tones/[id]"],"duration":5,"failing":false,"failureDetails":[],"failureMessages":[],"fullName":"/api/tones/[id] DELETE /api/tones/[id] should delete tone successfully","invocations":1,"location":null,"numPassingAsserts":2,"retryReasons":[],"startAt":1766585564061,"status":"passed","title":"should delete tone successfully"},{"ancestorTitles":["/api/tones/[id]","DELETE /api/tones/[id]"],"duration":2,"failing":false,"failureDetails":[],"failureMessages":[],"fullName":"/api/tones/[id] DELETE /api/tones/[id] should return 401 when unauthorized","invocations":1,"location":null,"numPassingAsserts":2,"retryReasons":[],"startAt":1766585564067,"status":"passed","title":"should return 401 when unauthorized"},{"ancestorTitles":["/api/tones/[id]","DELETE /api/tones/[id]"],"duration":2,"failing":false,"failureDetails":[],"failureMessages":[],"fullName":"/api/tones/[id] DELETE /api/tones/[id] should return 429 when rate limited","invocations":1,"location":null,"numPassingAsserts":2,"retryReasons":[],"startAt":1766585564069,"status":"passed","title":"should return 429 when rate limited"},{"ancestorTitles":["/api/tones/[id]","DELETE /api/tones/[id]"],"duration":2,"failing":false,"failureDetails":[],"failureMessages":[],"fullName":"/api/tones/[id] DELETE /api/tones/[id] should return 404 when user not found","invocations":1,"location":null,"numPassingAsserts":2,"retryReasons":[],"startAt":1766585564071,"status":"passed","title":"should return 404 when user not found"},{"ancestorTitles":["/api/tones/[id]","DELETE /api/tones/[id]"],"duration":2,"failing":false,"failureDetails":[],"failureMessages":[],"fullName":"/api/tones/[id] DELETE /api/tones/[id] should return 404 when tone not found","invocations":1,"location":null,"numPassingAsserts":2,"retryReasons":[],"startAt":1766585564073,"status":"passed","title":"should return 404 when tone not found"},{"ancestorTitles":["/api/tones/[id]","DELETE /api/tones/[id]"],"duration":2,"failing":false,"failureDetails":[],"failureMessages":[],"fullName":"/api/tones/[id] DELETE /api/tones/[id] should return 400 for invalid id","invocations":1,"location":null,"numPassingAsserts":2,"retryReasons":[],"startAt":1766585564076,"status":"passed","title":"should return 400 for invalid id"},{"ancestorTitles":["/api/tones/[id]","DELETE /api/tones/[id]"],"duration":2,"failing":false,"failureDetails":[],"failureMessages":[],"fullName":"/api/tones/[id] DELETE /api/tones/[id] should prevent deleting another users tone","invocations":1,"location":null,"numPassingAsserts":3,"retryReasons":[],"startAt":1766585564078,"status":"passed","title":"should prevent deleting another users tone"},{"ancestorTitles":["/api/tones/[id]","DELETE /api/tones/[id]"],"duration":2,"failing":false,"failureDetails":[],"failureMessages":[],"fullName":"/api/tones/[id] DELETE /api/tones/[id] should handle database deletion failure","invocations":1,"location":null,"numPassingAsserts":2,"retryReasons":[],"startAt":1766585564080,"status":"passed","title":"should handle database deletion failure"},{"ancestorTitles":["/api/tones/[id]","DELETE /api/tones/[id]"],"duration":3,"failing":false,"failureDetails":[],"failureMessages":[],"fullName":"/api/tones/[id] DELETE /api/tones/[id] should successfully delete even if tone has related data","invocations":1,"location":null,"numPassingAsserts":3,"retryReasons":[],"startAt":1766585564082,"status":"passed","title":"should successfully delete even if tone has related data"}],"endTime":1766585564088,"message":"","name":"C:\\Users\\migna\\Documents\\tono\\__tests__\\app\\api\\tones\\[id]\\route.unit.test.ts","startTime":1766585562746,"status":"passed","summary":""},{"assertionResults":[{"ancestorTitles":["/api/tones","POST /api/tones"],"duration":41,"failing":false,"failureDetails":[{"matcherResult":{"actual":500,"expected":201,"message":"expect(received).toBe(expected) // Object.is equality\n\nExpected: 201\nReceived: 500","name":"toBe","pass":false}}],"failureMessages":["Error: expect(received).toBe(expected) // Object.is equality\n\nExpected: 201\nReceived: 500\n    at Object.toBe (C:\\Users\\migna\\Documents\\tono\\__tests__\\app\\api\\tones\\route.unit.test.ts:100:26)\n    at processTicksAndRejections (node:internal/process/task_queues:105:5)"],"fullName":"/api/tones POST /api/tones should return 201 with valid input","invocations":1,"location":null,"numPassingAsserts":0,"retryReasons":[],"startAt":1766585563915,"status":"failed","title":"should return 201 with valid input"},{"ancestorTitles":["/api/tones","POST /api/tones"],"duration":13,"failing":false,"failureDetails":[],"failureMessages":[],"fullName":"/api/tones POST /api/tones should return 401 when unauthorized","invocations":1,"location":null,"numPassingAsserts":4,"retryReasons":[],"startAt":1766585563974,"status":"passed","title":"should return 401 when unauthorized"},{"ancestorTitles":["/api/tones","POST /api/tones"],"duration":4,"failing":false,"failureDetails":[],"failureMessages":[],"fullName":"/api/tones POST /api/tones should return 429 when rate limit exceeded","invocations":1,"location":null,"numPassingAsserts":4,"retryReasons":[],"startAt":1766585563988,"status":"passed","title":"should return 429 when rate limit exceeded"},{"ancestorTitles":["/api/tones","POST /api/tones"],"duration":5,"failing":false,"failureDetails":[],"failureMessages":[],"fullName":"/api/tones POST /api/tones should return 404 when database user not found","invocations":1,"location":null,"numPassingAsserts":4,"retryReasons":[],"startAt":1766585563992,"status":"passed","title":"should return 404 when database user not found"},{"ancestorTitles":["/api/tones","POST /api/tones"],"duration":5,"failing":false,"failureDetails":[{"matcherResult":{"actual":500,"expected":400,"message":"expect(received).toBe(expected) // Object.is equality\n\nExpected: 400\nReceived: 500","name":"toBe","pass":false}}],"failureMessages":["Error: expect(received).toBe(expected) // Object.is equality\n\nExpected: 400\nReceived: 500\n    at Object.toBe (C:\\Users\\migna\\Documents\\tono\\__tests__\\app\\api\\tones\\route.unit.test.ts:191:26)\n    at processTicksAndRejections (node:internal/process/task_queues:105:5)"],"fullName":"/api/tones POST /api/tones should return 400 when invalid input","invocations":1,"location":null,"numPassingAsserts":0,"retryReasons":[],"startAt":1766585563997,"status":"failed","title":"should return 400 when invalid input"},{"ancestorTitles":["/api/tones","POST /api/tones"],"duration":4,"failing":false,"failureDetails":[{"matcherResult":{"actual":500,"expected":403,"message":"expect(received).toBe(expected) // Object.is equality\n\nExpected: 403\nReceived: 500","name":"toBe","pass":false}}],"failureMessages":["Error: expect(received).toBe(expected) // Object.is equality\n\nExpected: 403\nReceived: 500\n    at Object.toBe (C:\\Users\\migna\\Documents\\tono\\__tests__\\app\\api\\tones\\route.unit.test.ts:228:26)\n    at processTicksAndRejections (node:internal/process/task_queues:105:5)"],"fullName":"/api/tones POST /api/tones should return 403 when credits exhausted","invocations":1,"location":null,"numPassingAsserts":0,"retryReasons":[],"startAt":1766585564002,"status":"failed","title":"should return 403 when credits exhausted"},{"ancestorTitles":["/api/tones","POST /api/tones"],"duration":4,"failing":false,"failureDetails":[],"failureMessages":[],"fullName":"/api/tones POST /api/tones should return 500 when AI generation fails","invocations":1,"location":null,"numPassingAsserts":3,"retryReasons":[],"startAt":1766585564008,"status":"passed","title":"should return 500 when AI generation fails"},{"ancestorTitles":["/api/tones","POST /api/tones"],"duration":3,"failing":false,"failureDetails":[],"failureMessages":[],"fullName":"/api/tones POST /api/tones should return 500 when tone creation fails","invocations":1,"location":null,"numPassingAsserts":2,"retryReasons":[],"startAt":1766585564013,"status":"passed","title":"should return 500 when tone creation fails"},{"ancestorTitles":["/api/tones","POST /api/tones"],"duration":7,"failing":false,"failureDetails":[],"failureMessages":[],"fullName":"/api/tones POST /api/tones should return 400 when body is not valid JSON","invocations":1,"location":null,"numPassingAsserts":2,"retryReasons":[],"startAt":1766585564016,"status":"passed","title":"should return 400 when body is not valid JSON"},{"ancestorTitles":["/api/tones","POST /api/tones"],"duration":4,"failing":false,"failureDetails":[{"matcherResult":{"actual":500,"expected":201,"message":"expect(received).toBe(expected) // Object.is equality\n\nExpected: 201\nReceived: 500","name":"toBe","pass":false}}],"failureMessages":["Error: expect(received).toBe(expected) // Object.is equality\n\nExpected: 201\nReceived: 500\n    at Object.toBe (C:\\Users\\migna\\Documents\\tono\\__tests__\\app\\api\\tones\\route.unit.test.ts:379:26)\n    at processTicksAndRejections (node:internal/process/task_queues:105:5)"],"fullName":"/api/tones POST /api/tones should successfully create tone with all fields","invocations":1,"location":null,"numPassingAsserts":0,"retryReasons":[],"startAt":1766585564023,"status":"failed","title":"should successfully create tone with all fields"},{"ancestorTitles":["/api/tones","GET /api/tones"],"duration":6,"failing":false,"failureDetails":[],"failureMessages":[],"fullName":"/api/tones GET /api/tones should return 200 with tones and pagination","invocations":1,"location":null,"numPassingAsserts":5,"retryReasons":[],"startAt":1766585564028,"status":"passed","title":"should return 200 with tones and pagination"},{"ancestorTitles":["/api/tones","GET /api/tones"],"duration":2,"failing":false,"failureDetails":[],"failureMessages":[],"fullName":"/api/tones GET /api/tones should return 401 when unauthorized","invocations":1,"location":null,"numPassingAsserts":2,"retryReasons":[],"startAt":1766585564035,"status":"passed","title":"should return 401 when unauthorized"},{"ancestorTitles":["/api/tones","GET /api/tones"],"duration":3,"failing":false,"failureDetails":[],"failureMessages":[],"fullName":"/api/tones GET /api/tones should return 429 when rate limit exceeded","invocations":1,"location":null,"numPassingAsserts":2,"retryReasons":[],"startAt":1766585564037,"status":"passed","title":"should return 429 when rate limit exceeded"},{"ancestorTitles":["/api/tones","GET /api/tones"],"duration":3,"failing":false,"failureDetails":[],"failureMessages":[],"fullName":"/api/tones GET /api/tones should return 404 when user not found","invocations":1,"location":null,"numPassingAsserts":2,"retryReasons":[],"startAt":1766585564040,"status":"passed","title":"should return 404 when user not found"},{"ancestorTitles":["/api/tones","GET /api/tones"],"duration":4,"failing":false,"failureDetails":[],"failureMessages":[],"fullName":"/api/tones GET /api/tones should return 400 when invalid query params","invocations":1,"location":null,"numPassingAsserts":2,"retryReasons":[],"startAt":1766585564044,"status":"passed","title":"should return 400 when invalid query params"},{"ancestorTitles":["/api/tones","GET /api/tones"],"duration":3,"failing":false,"failureDetails":[],"failureMessages":[],"fullName":"/api/tones GET /api/tones should return empty array when user has no tones","invocations":1,"location":null,"numPassingAsserts":4,"retryReasons":[],"startAt":1766585564049,"status":"passed","title":"should return empty array when user has no tones"},{"ancestorTitles":["/api/tones","GET /api/tones"],"duration":2,"failing":false,"failureDetails":[],"failureMessages":[],"fullName":"/api/tones GET /api/tones should work with explicit page and limit params","invocations":1,"location":null,"numPassingAsserts":3,"retryReasons":[],"startAt":1766585564052,"status":"passed","title":"should work with explicit page and limit params"},{"ancestorTitles":["/api/tones","GET /api/tones"],"duration":3,"failing":false,"failureDetails":[],"failureMessages":[],"fullName":"/api/tones GET /api/tones should calculate pagination correctly for multiple pages","invocations":1,"location":null,"numPassingAsserts":5,"retryReasons":[],"startAt":1766585564054,"status":"passed","title":"should calculate pagination correctly for multiple pages"},{"ancestorTitles":["/api/tones","GET /api/tones"],"duration":9,"failing":false,"failureDetails":[],"failureMessages":[],"fullName":"/api/tones GET /api/tones should handle database query failure","invocations":1,"location":null,"numPassingAsserts":2,"retryReasons":[],"startAt":1766585564057,"status":"passed","title":"should handle database query failure"}],"endTime":1766585564125,"message":"  ● /api/tones › POST /api/tones › should return 201 with valid input\n\n    expect(received).toBe(expected) // Object.is equality\n\n    Expected: 201\n    Received: 500\n\n    \u001b[0m \u001b[90m  98 |\u001b[39m       \u001b[36mconst\u001b[39m json \u001b[33m=\u001b[39m \u001b[36mawait\u001b[39m res\u001b[33m.\u001b[39mjson()\u001b[33m;\u001b[39m\n     \u001b[90m  99 |\u001b[39m\n    \u001b[31m\u001b[1m>\u001b[22m\u001b[39m\u001b[90m 100 |\u001b[39m       expect(res\u001b[33m.\u001b[39mstatus)\u001b[33m.\u001b[39mtoBe(\u001b[35m201\u001b[39m)\u001b[33m;\u001b[39m\n     \u001b[90m     |\u001b[39m                          \u001b[31m\u001b[1m^\u001b[22m\u001b[39m\n     \u001b[90m 101 |\u001b[39m       expect(json\u001b[33m.\u001b[39mmessage)\u001b[33m.\u001b[39mtoBe(\u001b[32m'Successfully created tone'\u001b[39m)\u001b[33m;\u001b[39m\n     \u001b[90m 102 |\u001b[39m       expect(generateToneSettings)\u001b[33m.\u001b[39mtoHaveBeenCalled()\u001b[33m;\u001b[39m\n     \u001b[90m 103 |\u001b[39m       expect(prisma\u001b[33m.\u001b[39mtone\u001b[33m.\u001b[39mcreate)\u001b[33m.\u001b[39mtoHaveBeenCalled()\u001b[33m;\u001b[39m\u001b[0m\n\n      at Object.toBe (__tests__/app/api/tones/route.unit.test.ts:100:26)\n\n  ● /api/tones › POST /api/tones › should return 400 when invalid input\n\n    expect(received).toBe(expected) // Object.is equality\n\n    Expected: 400\n    Received: 500\n\n    \u001b[0m \u001b[90m 189 |\u001b[39m       \u001b[36mconst\u001b[39m json \u001b[33m=\u001b[39m \u001b[36mawait\u001b[39m res\u001b[33m.\u001b[39mjson()\u001b[33m;\u001b[39m\n     \u001b[90m 190 |\u001b[39m\n    \u001b[31m\u001b[1m>\u001b[22m\u001b[39m\u001b[90m 191 |\u001b[39m       expect(res\u001b[33m.\u001b[39mstatus)\u001b[33m.\u001b[39mtoBe(\u001b[35m400\u001b[39m)\u001b[33m;\u001b[39m\n     \u001b[90m     |\u001b[39m                          \u001b[31m\u001b[1m^\u001b[22m\u001b[39m\n     \u001b[90m 192 |\u001b[39m       expect(json\u001b[33m.\u001b[39merror)\u001b[33m.\u001b[39mtoBe(\u001b[32m'Invalid input data'\u001b[39m)\u001b[33m;\u001b[39m\n     \u001b[90m 193 |\u001b[39m       expect(generateToneSettings)\u001b[33m.\u001b[39mnot\u001b[33m.\u001b[39mtoHaveBeenCalled()\u001b[33m;\u001b[39m\n     \u001b[90m 194 |\u001b[39m       expect(prisma\u001b[33m.\u001b[39mtone\u001b[33m.\u001b[39mcreate)\u001b[33m.\u001b[39mnot\u001b[33m.\u001b[39mtoHaveBeenCalled()\u001b[33m;\u001b[39m\u001b[0m\n\n      at Object.toBe (__tests__/app/api/tones/route.unit.test.ts:191:26)\n\n  ● /api/tones › POST /api/tones › should return 403 when credits exhausted\n\n    expect(received).toBe(expected) // Object.is equality\n\n    Expected: 403\n    Received: 500\n\n    \u001b[0m \u001b[90m 226 |\u001b[39m       \u001b[36mconst\u001b[39m json \u001b[33m=\u001b[39m \u001b[36mawait\u001b[39m res\u001b[33m.\u001b[39mjson()\u001b[33m;\u001b[39m\n     \u001b[90m 227 |\u001b[39m\n    \u001b[31m\u001b[1m>\u001b[22m\u001b[39m\u001b[90m 228 |\u001b[39m       expect(res\u001b[33m.\u001b[39mstatus)\u001b[33m.\u001b[39mtoBe(\u001b[35m403\u001b[39m)\u001b[33m;\u001b[39m\n     \u001b[90m     |\u001b[39m                          \u001b[31m\u001b[1m^\u001b[22m\u001b[39m\n     \u001b[90m 229 |\u001b[39m       expect(json\u001b[33m.\u001b[39merror)\u001b[33m.\u001b[39mtoBe(\u001b[32m'No remaining credits. Please upgrade your plan.'\u001b[39m)\u001b[33m;\u001b[39m\n     \u001b[90m 230 |\u001b[39m       expect(generateToneSettings)\u001b[33m.\u001b[39mnot\u001b[33m.\u001b[39mtoHaveBeenCalled()\u001b[33m;\u001b[39m\n     \u001b[90m 231 |\u001b[39m       expect(prisma\u001b[33m.\u001b[39mtone\u001b[33m.\u001b[39mcreate)\u001b[33m.\u001b[39mnot\u001b[33m.\u001b[39mtoHaveBeenCalled()\u001b[33m;\u001b[39m\u001b[0m\n\n      at Object.toBe (__tests__/app/api/tones/route.unit.test.ts:228:26)\n\n  ● /api/tones › POST /api/tones › should successfully create tone with all fields\n\n    expect(received).toBe(expected) // Object.is equality\n\n    Expected: 201\n    Received: 500\n\n    \u001b[0m \u001b[90m 377 |\u001b[39m       \u001b[36mconst\u001b[39m json \u001b[33m=\u001b[39m \u001b[36mawait\u001b[39m res\u001b[33m.\u001b[39mjson()\u001b[33m;\u001b[39m\n     \u001b[90m 378 |\u001b[39m\n    \u001b[31m\u001b[1m>\u001b[22m\u001b[39m\u001b[90m 379 |\u001b[39m       expect(res\u001b[33m.\u001b[39mstatus)\u001b[33m.\u001b[39mtoBe(\u001b[35m201\u001b[39m)\u001b[33m;\u001b[39m\n     \u001b[90m     |\u001b[39m                          \u001b[31m\u001b[1m^\u001b[22m\u001b[39m\n     \u001b[90m 380 |\u001b[39m       expect(json\u001b[33m.\u001b[39mmessage)\u001b[33m.\u001b[39mtoBe(\u001b[32m'Successfully created tone'\u001b[39m)\u001b[33m;\u001b[39m\n     \u001b[90m 381 |\u001b[39m       expect(json\u001b[33m.\u001b[39mtone)\u001b[33m.\u001b[39mtoMatchObject({\n     \u001b[90m 382 |\u001b[39m         name\u001b[33m:\u001b[39m \u001b[32m'Complete Tone'\u001b[39m\u001b[33m,\u001b[39m\u001b[0m\n\n      at Object.toBe (__tests__/app/api/tones/route.unit.test.ts:379:26)\n","name":"C:\\Users\\migna\\Documents\\tono\\__tests__\\app\\api\\tones\\route.unit.test.ts","startTime":1766585562762,"status":"failed","summary":""},{"assertionResults":[{"ancestorTitles":["generateToneSettings"],"duration":10,"failing":false,"failureDetails":[],"failureMessages":[],"fullName":"generateToneSettings should return cached result if available","invocations":1,"location":null,"numPassingAsserts":3,"retryReasons":[],"startAt":1766585564753,"status":"passed","title":"should return cached result if available"},{"ancestorTitles":["generateToneSettings"],"duration":30,"failing":false,"failureDetails":[{"matcherResult":{"actual":{"ampSettings":{"mid":5,"bass":5,"gain":5,"reverb":5,"treble":5,"volume":5,"presence":5},"notes":"AI tone generation unavailable, using default settings"},"expected":{"ampSettings":{"gain":5,"treble":5,"mid":5,"bass":5,"volume":5,"presence":5,"reverb":5},"notes":"Test notes"},"message":"expect(received).toEqual(expected) // deep equality\n\n- Expected  - 1\n+ Received  + 1\n\n@@ -6,7 +6,7 @@\n      \"presence\": 5,\n      \"reverb\": 5,\n      \"treble\": 5,\n      \"volume\": 5,\n    },\n-   \"notes\": \"Test notes\",\n+   \"notes\": \"AI tone generation unavailable, using default settings\",\n  }","name":"toEqual","pass":false}}],"failureMessages":["Error: expect(received).toEqual(expected) // deep equality\n\n- Expected  - 1\n+ Received  + 1\n\n@@ -6,7 +6,7 @@\n      \"presence\": 5,\n      \"reverb\": 5,\n      \"treble\": 5,\n      \"volume\": 5,\n    },\n-   \"notes\": \"Test notes\",\n+   \"notes\": \"AI tone generation unavailable, using default settings\",\n  }\n    at Object.toEqual (C:\\Users\\migna\\Documents\\tono\\__tests__\\unit\\lib\\gemini\\toneAiService.test.ts:66:20)\n    at processTicksAndRejections (node:internal/process/task_queues:105:5)"],"fullName":"generateToneSettings should call Gemini API and cache result on cache miss","invocations":1,"location":null,"numPassingAsserts":0,"retryReasons":[],"startAt":1766585564763,"status":"failed","title":"should call Gemini API and cache result on cache miss"},{"ancestorTitles":["generateToneSettings"],"duration":3,"failing":false,"failureDetails":[],"failureMessages":[],"fullName":"generateToneSettings should handle Gemini API errors gracefully","invocations":1,"location":null,"numPassingAsserts":1,"retryReasons":[],"startAt":1766585564794,"status":"passed","title":"should handle Gemini API errors gracefully"},{"ancestorTitles":["generateToneSettings"],"duration":3,"failing":false,"failureDetails":[{"matcherResult":{"actual":{"ampSettings":{"mid":5,"bass":5,"gain":5,"reverb":5,"treble":5,"volume":5,"presence":5},"notes":"AI tone generation unavailable, using default settings"},"expected":{"ampSettings":{"mid":5,"bass":5,"gain":5,"reverb":5,"treble":5,"volume":5,"presence":5},"notes":"Not JSON"},"message":"expect(received).toEqual(expected) // deep equality\n\n- Expected  - 1\n+ Received  + 1\n\n@@ -6,7 +6,7 @@\n      \"presence\": 5,\n      \"reverb\": 5,\n      \"treble\": 5,\n      \"volume\": 5,\n    },\n-   \"notes\": \"Not JSON\",\n+   \"notes\": \"AI tone generation unavailable, using default settings\",\n  }","name":"toEqual","pass":false}}],"failureMessages":["Error: expect(received).toEqual(expected) // deep equality\n\n- Expected  - 1\n+ Received  + 1\n\n@@ -6,7 +6,7 @@\n      \"presence\": 5,\n      \"reverb\": 5,\n      \"treble\": 5,\n      \"volume\": 5,\n    },\n-   \"notes\": \"Not JSON\",\n+   \"notes\": \"AI tone generation unavailable, using default settings\",\n  }\n    at Object.toEqual (C:\\Users\\migna\\Documents\\tono\\__tests__\\unit\\lib\\gemini\\toneAiService.test.ts:90:20)\n    at processTicksAndRejections (node:internal/process/task_queues:105:5)"],"fullName":"generateToneSettings should handle invalid JSON from Gemini","invocations":1,"location":null,"numPassingAsserts":0,"retryReasons":[],"startAt":1766585564797,"status":"failed","title":"should handle invalid JSON from Gemini"}],"endTime":1766585564823,"message":"  ● generateToneSettings › should call Gemini API and cache result on cache miss\n\n    expect(received).toEqual(expected) // deep equality\n\n    - Expected  - 1\n    + Received  + 1\n\n    @@ -6,7 +6,7 @@\n          \"presence\": 5,\n          \"reverb\": 5,\n          \"treble\": 5,\n          \"volume\": 5,\n        },\n    -   \"notes\": \"Test notes\",\n    +   \"notes\": \"AI tone generation unavailable, using default settings\",\n      }\n\n    \u001b[0m \u001b[90m 64 |\u001b[39m\n     \u001b[90m 65 |\u001b[39m     \u001b[36mconst\u001b[39m result \u001b[33m=\u001b[39m \u001b[36mawait\u001b[39m generateToneSettings(mockConfig)\u001b[33m;\u001b[39m\n    \u001b[31m\u001b[1m>\u001b[22m\u001b[39m\u001b[90m 66 |\u001b[39m     expect(result)\u001b[33m.\u001b[39mtoEqual(mockAiResponse)\u001b[33m;\u001b[39m\n     \u001b[90m    |\u001b[39m                    \u001b[31m\u001b[1m^\u001b[22m\u001b[39m\n     \u001b[90m 67 |\u001b[39m     expect(setCachedTone)\u001b[33m.\u001b[39mtoHaveBeenCalledWith(mockConfig\u001b[33m,\u001b[39m mockAiResponse)\u001b[33m;\u001b[39m\n     \u001b[90m 68 |\u001b[39m   })\u001b[33m;\u001b[39m\n     \u001b[90m 69 |\u001b[39m\u001b[0m\n\n      at Object.toEqual (__tests__/unit/lib/gemini/toneAiService.test.ts:66:20)\n\n  ● generateToneSettings › should handle invalid JSON from Gemini\n\n    expect(received).toEqual(expected) // deep equality\n\n    - Expected  - 1\n    + Received  + 1\n\n    @@ -6,7 +6,7 @@\n          \"presence\": 5,\n          \"reverb\": 5,\n          \"treble\": 5,\n          \"volume\": 5,\n        },\n    -   \"notes\": \"Not JSON\",\n    +   \"notes\": \"AI tone generation unavailable, using default settings\",\n      }\n\n    \u001b[0m \u001b[90m 88 |\u001b[39m\n     \u001b[90m 89 |\u001b[39m     \u001b[36mconst\u001b[39m result \u001b[33m=\u001b[39m \u001b[36mawait\u001b[39m generateToneSettings(mockConfig)\u001b[33m;\u001b[39m\n    \u001b[31m\u001b[1m>\u001b[22m\u001b[39m\u001b[90m 90 |\u001b[39m     expect(result)\u001b[33m.\u001b[39mtoEqual({\n     \u001b[90m    |\u001b[39m                    \u001b[31m\u001b[1m^\u001b[22m\u001b[39m\n     \u001b[90m 91 |\u001b[39m       ampSettings\u001b[33m:\u001b[39m \u001b[33mDEFAULT_AMP_SETTINGS\u001b[39m\u001b[33m,\u001b[39m\n     \u001b[90m 92 |\u001b[39m       notes\u001b[33m:\u001b[39m \u001b[32m'Not JSON'\u001b[39m\u001b[33m,\u001b[39m\n     \u001b[90m 93 |\u001b[39m     })\u001b[33m;\u001b[39m\u001b[0m\n\n      at Object.toEqual (__tests__/unit/lib/gemini/toneAiService.test.ts:90:20)\n","name":"C:\\Users\\migna\\Documents\\tono\\__tests__\\unit\\lib\\gemini\\toneAiService.test.ts","startTime":1766585563946,"status":"failed","summary":""},{"assertionResults":[{"ancestorTitles":["Config Validation"],"duration":26,"failing":false,"failureDetails":[],"failureMessages":[],"fullName":"Config Validation should load config successfully when all variables are present","invocations":1,"location":null,"numPassingAsserts":2,"retryReasons":[],"startAt":1766585564784,"status":"passed","title":"should load config successfully when all variables are present"},{"ancestorTitles":["Config Validation"],"duration":14,"failing":false,"failureDetails":[],"failureMessages":[],"fullName":"Config Validation should throw an error if a required variable is missing","invocations":1,"location":null,"numPassingAsserts":1,"retryReasons":[],"startAt":1766585564811,"status":"passed","title":"should throw an error if a required variable is missing"}],"endTime":1766585564827,"message":"","name":"C:\\Users\\migna\\Documents\\tono\\__tests__\\unit\\lib\\config.test.ts","startTime":1766585564007,"status":"passed","summary":""},{"assertionResults":[{"ancestorTitles":["ToneCreateSchema"],"duration":9,"failing":false,"failureDetails":[],"failureMessages":[],"fullName":"ToneCreateSchema should validate a valid tone creation request","invocations":1,"location":null,"numPassingAsserts":1,"retryReasons":[],"startAt":1766585564886,"status":"passed","title":"should validate a valid tone creation request"},{"ancestorTitles":["ToneCreateSchema"],"duration":2,"failing":false,"failureDetails":[],"failureMessages":[],"fullName":"ToneCreateSchema should fail if name is missing","invocations":1,"location":null,"numPassingAsserts":1,"retryReasons":[],"startAt":1766585564895,"status":"passed","title":"should fail if name is missing"},{"ancestorTitles":["ToneCreateSchema"],"duration":1,"failing":false,"failureDetails":[],"failureMessages":[],"fullName":"ToneCreateSchema should fail if name is too long","invocations":1,"location":null,"numPassingAsserts":1,"retryReasons":[],"startAt":1766585564897,"status":"passed","title":"should fail if name is too long"},{"ancestorTitles":["ToneCreateSchema"],"duration":1,"failing":false,"failureDetails":[],"failureMessages":[],"fullName":"ToneCreateSchema should fail if artist is missing","invocations":1,"location":null,"numPassingAsserts":1,"retryReasons":[],"startAt":1766585564898,"status":"passed","title":"should fail if artist is missing"},{"ancestorTitles":["ToneCreateSchema"],"duration":1,"failing":false,"failureDetails":[],"failureMessages":[],"fullName":"ToneCreateSchema should fail if artist is too long","invocations":1,"location":null,"numPassingAsserts":1,"retryReasons":[],"startAt":1766585564899,"status":"passed","title":"should fail if artist is too long"},{"ancestorTitles":["ToneCreateSchema"],"duration":1,"failing":false,"failureDetails":[],"failureMessages":[],"fullName":"ToneCreateSchema should fail if description is missing","invocations":1,"location":null,"numPassingAsserts":1,"retryReasons":[],"startAt":1766585564900,"status":"passed","title":"should fail if description is missing"},{"ancestorTitles":["ToneCreateSchema"],"duration":1,"failing":false,"failureDetails":[],"failureMessages":[],"fullName":"ToneCreateSchema should fail if description is too long","invocations":1,"location":null,"numPassingAsserts":1,"retryReasons":[],"startAt":1766585564901,"status":"passed","title":"should fail if description is too long"},{"ancestorTitles":["ToneCreateSchema"],"duration":1,"failing":false,"failureDetails":[],"failureMessages":[],"fullName":"ToneCreateSchema should fail if guitar is missing","invocations":1,"location":null,"numPassingAsserts":1,"retryReasons":[],"startAt":1766585564903,"status":"passed","title":"should fail if guitar is missing"},{"ancestorTitles":["ToneCreateSchema"],"duration":1,"failing":false,"failureDetails":[],"failureMessages":[],"fullName":"ToneCreateSchema should fail if guitar is too long","invocations":1,"location":null,"numPassingAsserts":1,"retryReasons":[],"startAt":1766585564904,"status":"passed","title":"should fail if guitar is too long"},{"ancestorTitles":["ToneCreateSchema"],"duration":1,"failing":false,"failureDetails":[],"failureMessages":[],"fullName":"ToneCreateSchema should fail if pickups is missing","invocations":1,"location":null,"numPassingAsserts":1,"retryReasons":[],"startAt":1766585564905,"status":"passed","title":"should fail if pickups is missing"},{"ancestorTitles":["ToneCreateSchema"],"duration":0,"failing":false,"failureDetails":[],"failureMessages":[],"fullName":"ToneCreateSchema should fail if pickups is too long","invocations":1,"location":null,"numPassingAsserts":1,"retryReasons":[],"startAt":1766585564906,"status":"passed","title":"should fail if pickups is too long"},{"ancestorTitles":["ToneCreateSchema"],"duration":0,"failing":false,"failureDetails":[],"failureMessages":[],"fullName":"ToneCreateSchema should fail if strings is missing","invocations":1,"location":null,"numPassingAsserts":1,"retryReasons":[],"startAt":1766585564907,"status":"passed","title":"should fail if strings is missing"},{"ancestorTitles":["ToneCreateSchema"],"duration":1,"failing":false,"failureDetails":[],"failureMessages":[],"fullName":"ToneCreateSchema should fail if strings is too long","invocations":1,"location":null,"numPassingAsserts":1,"retryReasons":[],"startAt":1766585564907,"status":"passed","title":"should fail if strings is too long"},{"ancestorTitles":["ToneCreateSchema"],"duration":0,"failing":false,"failureDetails":[],"failureMessages":[],"fullName":"ToneCreateSchema should fail if amp is missing","invocations":1,"location":null,"numPassingAsserts":1,"retryReasons":[],"startAt":1766585564908,"status":"passed","title":"should fail if amp is missing"},{"ancestorTitles":["ToneCreateSchema"],"duration":1,"failing":false,"failureDetails":[],"failureMessages":[],"fullName":"ToneCreateSchema should fail if amp is too long","invocations":1,"location":null,"numPassingAsserts":1,"retryReasons":[],"startAt":1766585564908,"status":"passed","title":"should fail if amp is too long"},{"ancestorTitles":["ToneUpdateSchema"],"duration":1,"failing":false,"failureDetails":[],"failureMessages":[],"fullName":"ToneUpdateSchema should validate a partial update","invocations":1,"location":null,"numPassingAsserts":1,"retryReasons":[],"startAt":1766585564909,"status":"passed","title":"should validate a partial update"},{"ancestorTitles":["ToneQuerySchema"],"duration":1,"failing":false,"failureDetails":[],"failureMessages":[],"fullName":"ToneQuerySchema should use default values if empty","invocations":1,"location":null,"numPassingAsserts":3,"retryReasons":[],"startAt":1766585564910,"status":"passed","title":"should use default values if empty"},{"ancestorTitles":["ToneQuerySchema"],"duration":1,"failing":false,"failureDetails":[],"failureMessages":[],"fullName":"ToneQuerySchema should coerce string numbers","invocations":1,"location":null,"numPassingAsserts":3,"retryReasons":[],"startAt":1766585564911,"status":"passed","title":"should coerce string numbers"},{"ancestorTitles":["ToneQuerySchema"],"duration":1,"failing":false,"failureDetails":[],"failureMessages":[],"fullName":"ToneQuerySchema should fail on invalid numbers","invocations":1,"location":null,"numPassingAsserts":1,"retryReasons":[],"startAt":1766585564912,"status":"passed","title":"should fail on invalid numbers"}],"endTime":1766585564915,"message":"","name":"C:\\Users\\migna\\Documents\\tono\\__tests__\\unit\\validation\\toneValidation.test.ts","startTime":1766585564007,"status":"passed","summary":""},{"assertionResults":[{"ancestorTitles":["ToneCard"],"duration":64,"failing":false,"failureDetails":[],"failureMessages":[],"fullName":"ToneCard renders the tone name","invocations":1,"location":null,"numPassingAsserts":1,"retryReasons":[],"startAt":1766585565102,"status":"passed","title":"renders the tone name"},{"ancestorTitles":["ToneCard"],"duration":8,"failing":false,"failureDetails":[],"failureMessages":[],"fullName":"ToneCard renders the tone description","invocations":1,"location":null,"numPassingAsserts":1,"retryReasons":[],"startAt":1766585565167,"status":"passed","title":"renders the tone description"},{"ancestorTitles":["ToneCard"],"duration":6,"failing":false,"failureDetails":[],"failureMessages":[],"fullName":"ToneCard renders as a card component","invocations":1,"location":null,"numPassingAsserts":1,"retryReasons":[],"startAt":1766585565175,"status":"passed","title":"renders as a card component"}],"endTime":1766585565182,"message":"","name":"C:\\Users\\migna\\Documents\\tono\\__tests__\\component\\ToneCard.test.tsx","startTime":1766585563979,"status":"passed","summary":""},{"assertionResults":[],"coverage":{},"endTime":1766585565589,"message":"  ● Test suite failed to run\n\n    Jest encountered an unexpected token\n\n    Jest failed to parse a file. This happens e.g. when your code or its dependencies use non-standard JavaScript syntax, or when Jest is not configured to support such syntax.\n\n    Out of the box Jest supports Babel, which will be used to transform your files into valid JS based on your Babel configuration.\n\n    By default \"node_modules\" folder is ignored by transformers.\n\n    Here's what you can do:\n     • If you are trying to use ECMAScript Modules, see https://jestjs.io/docs/ecmascript-modules for how to enable it.\n     • If you are trying to use TypeScript, see https://jestjs.io/docs/getting-started#using-typescript\n     • To have some of your \"node_modules\" files transformed, you can specify a custom \"transformIgnorePatterns\" in your config.\n     • If you need a custom transformation, specify a \"transform\" option in your config.\n     • If you simply want to mock your non-JS modules (e.g. binary assets) you can stub them out with the \"moduleNameMapper\" config option.\n\n    You'll find more details and examples of these config options in the docs:\n    https://jestjs.io/docs/configuration\n    For information about custom transformations, see:\n    https://jestjs.io/docs/code-transformation\n\n    Details:\n\n    C:\\Users\\migna\\Documents\\tono\\node_modules\\@clerk\\backend\\dist\\runtime\\browser\\crypto.mjs:1\n    export const webcrypto = crypto;\n    ^^^^^^\n\n    SyntaxError: Unexpected token 'export'\n\n    \u001b[0m \u001b[90m 14 |\u001b[39m   \u001b[33mFormField\u001b[39m\u001b[33m,\u001b[39m\n     \u001b[90m 15 |\u001b[39m   \u001b[33mFormItem\u001b[39m\u001b[33m,\u001b[39m\n    \u001b[31m\u001b[1m>\u001b[22m\u001b[39m\u001b[90m 16 |\u001b[39m   \u001b[33mFormLabel\u001b[39m\u001b[33m,\u001b[39m\n     \u001b[90m    |\u001b[39m                 \u001b[31m\u001b[1m^\u001b[22m\u001b[39m\n     \u001b[90m 17 |\u001b[39m   \u001b[33mFormMessage\u001b[39m\u001b[33m,\u001b[39m\n     \u001b[90m 18 |\u001b[39m } \u001b[36mfrom\u001b[39m \u001b[32m'@/components/ui/form'\u001b[39m\u001b[33m;\u001b[39m\n     \u001b[90m 19 |\u001b[39m \u001b[36mimport\u001b[39m { \u001b[33mCard\u001b[39m\u001b[33m,\u001b[39m \u001b[33mCardContent\u001b[39m\u001b[33m,\u001b[39m \u001b[33mCardDescription\u001b[39m\u001b[33m,\u001b[39m \u001b[33mCardHeader\u001b[39m\u001b[33m,\u001b[39m \u001b[33mCardTitle\u001b[39m } \u001b[36mfrom\u001b[39m \u001b[32m'@/components/ui/card'\u001b[39m\u001b[33m;\u001b[39m\u001b[0m\n\n      at Runtime.createScriptFromCode (node_modules/jest-runtime/build/index.js:1318:40)\n      at Object.<anonymous> (node_modules/@clerk/backend/src/runtime.ts:16:37)\n      at Object.<anonymous> (node_modules/@clerk/nextjs/src/server/headers-utils.ts:1:27)\n      at Object.<anonymous> (node_modules/@clerk/nextjs/dist/cjs/app-router/keyless-actions.js:41:28)\n      at Object.<anonymous> (node_modules/@clerk/nextjs/src/app-router/client/ClerkProvider.tsx:18:45)\n      at Object.<anonymous> (node_modules/@clerk/nextjs/src/client-boundary/ClerkProvider.tsx:6:37)\n      at Object.<anonymous> (node_modules/@clerk/nextjs/src/components.client.ts:1:31)\n      at Object.<anonymous> (node_modules/@clerk/nextjs/src/index.ts:70:35)\n      at Object.<anonymous> (components/dashboard/create-tones/ToneForm.tsx:16:17)\n      at Object.<anonymous> (__tests__/component/ToneForm.test.tsx:22:58)\n","name":"C:\\Users\\migna\\Documents\\tono\\__tests__\\component\\ToneForm.test.tsx","startTime":1766585565589,"status":"failed","summary":""},{"assertionResults":[{"ancestorTitles":["Button"],"duration":111,"failing":false,"failureDetails":[],"failureMessages":[],"fullName":"Button renders a button","invocations":1,"location":null,"numPassingAsserts":1,"retryReasons":[],"startAt":1766585565111,"status":"passed","title":"renders a button"},{"ancestorTitles":["Button"],"duration":29,"failing":false,"failureDetails":[],"failureMessages":[],"fullName":"Button calls onClick when clicked","invocations":1,"location":null,"numPassingAsserts":1,"retryReasons":[],"startAt":1766585565223,"status":"passed","title":"calls onClick when clicked"},{"ancestorTitles":["Button"],"duration":13,"failing":false,"failureDetails":[],"failureMessages":[],"fullName":"Button renders with default variant","invocations":1,"location":null,"numPassingAsserts":1,"retryReasons":[],"startAt":1766585565252,"status":"passed","title":"renders with default variant"},{"ancestorTitles":["Button"],"duration":12,"failing":false,"failureDetails":[],"failureMessages":[],"fullName":"Button renders with destructive variant","invocations":1,"location":null,"numPassingAsserts":1,"retryReasons":[],"startAt":1766585565265,"status":"passed","title":"renders with destructive variant"},{"ancestorTitles":["Button"],"duration":10,"failing":false,"failureDetails":[],"failureMessages":[],"fullName":"Button renders with outline variant","invocations":1,"location":null,"numPassingAsserts":2,"retryReasons":[],"startAt":1766585565277,"status":"passed","title":"renders with outline variant"},{"ancestorTitles":["Button"],"duration":9,"failing":false,"failureDetails":[],"failureMessages":[],"fullName":"Button renders with ghost variant","invocations":1,"location":null,"numPassingAsserts":1,"retryReasons":[],"startAt":1766585565287,"status":"passed","title":"renders with ghost variant"},{"ancestorTitles":["Button"],"duration":15,"failing":false,"failureDetails":[],"failureMessages":[],"fullName":"Button renders with small size","invocations":1,"location":null,"numPassingAsserts":1,"retryReasons":[],"startAt":1766585565296,"status":"passed","title":"renders with small size"},{"ancestorTitles":["Button"],"duration":7,"failing":false,"failureDetails":[],"failureMessages":[],"fullName":"Button renders with large size","invocations":1,"location":null,"numPassingAsserts":1,"retryReasons":[],"startAt":1766585565311,"status":"passed","title":"renders with large size"},{"ancestorTitles":["Button"],"duration":9,"failing":false,"failureDetails":[],"failureMessages":[],"fullName":"Button renders as disabled","invocations":1,"location":null,"numPassingAsserts":2,"retryReasons":[],"startAt":1766585565319,"status":"passed","title":"renders as disabled"},{"ancestorTitles":["Button"],"duration":44,"failing":false,"failureDetails":[],"failureMessages":[],"fullName":"Button does not call onClick when disabled","invocations":1,"location":null,"numPassingAsserts":1,"retryReasons":[],"startAt":1766585565328,"status":"passed","title":"does not call onClick when disabled"}],"endTime":1766585565377,"message":"","name":"C:\\Users\\migna\\Documents\\tono\\__tests__\\component\\ui\\Button.test.tsx","startTime":1766585563997,"status":"passed","summary":""},{"assertionResults":[{"ancestorTitles":["Header"],"duration":57,"failing":false,"failureDetails":[{"name":"TestingLibraryElementError"}],"failureMessages":["TestingLibraryElementError: Unable to find an element with the alt text: tono logo\n\nIgnored nodes: comments, script, style\n\u001b[36m<body>\u001b[39m\n  \u001b[36m<div>\u001b[39m\n    \u001b[36m<nav\u001b[39m\n      \u001b[33mclass\u001b[39m=\u001b[32m\"bg-secondary/90 fixed top-0 z-50 w-full px-6 py-6 backdrop-blur-md transition-all\"\u001b[39m\n    \u001b[36m>\u001b[39m\n      \u001b[36m<div\u001b[39m\n        \u001b[33mclass\u001b[39m=\u001b[32m\"mx-auto flex max-w-7xl items-center justify-between\"\u001b[39m\n      \u001b[36m>\u001b[39m\n        \u001b[36m<a\u001b[39m\n          \u001b[33mclass\u001b[39m=\u001b[32m\"flex items-center gap-2\"\u001b[39m\n          \u001b[33mhref\u001b[39m=\u001b[32m\"/\"\u001b[39m\n        \u001b[36m>\u001b[39m\n          \u001b[36m<div\u001b[39m\n            \u001b[33mclass\u001b[39m=\u001b[32m\"bg-primary shadow-primary/20 flex h-10 w-10 rotate-3 items-center justify-center rounded-xl shadow-lg\"\u001b[39m\n          \u001b[36m>\u001b[39m\n            \u001b[36m<svg\u001b[39m\n              \u001b[33maria-hidden\u001b[39m=\u001b[32m\"true\"\u001b[39m\n              \u001b[33mclass\u001b[39m=\u001b[32m\"lucide lucide-music2 lucide-music-2 h-6 w-6 text-white\"\u001b[39m\n              \u001b[33mfill\u001b[39m=\u001b[32m\"none\"\u001b[39m\n              \u001b[33mheight\u001b[39m=\u001b[32m\"24\"\u001b[39m\n              \u001b[33mstroke\u001b[39m=\u001b[32m\"currentColor\"\u001b[39m\n              \u001b[33mstroke-linecap\u001b[39m=\u001b[32m\"round\"\u001b[39m\n              \u001b[33mstroke-linejoin\u001b[39m=\u001b[32m\"round\"\u001b[39m\n              \u001b[33mstroke-width\u001b[39m=\u001b[32m\"2\"\u001b[39m\n              \u001b[33mviewBox\u001b[39m=\u001b[32m\"0 0 24 24\"\u001b[39m\n              \u001b[33mwidth\u001b[39m=\u001b[32m\"24\"\u001b[39m\n              \u001b[33mxmlns\u001b[39m=\u001b[32m\"http://www.w3.org/2000/svg\"\u001b[39m\n            \u001b[36m>\u001b[39m\n              \u001b[36m<circle\u001b[39m\n                \u001b[33mcx\u001b[39m=\u001b[32m\"8\"\u001b[39m\n                \u001b[33mcy\u001b[39m=\u001b[32m\"18\"\u001b[39m\n                \u001b[33mr\u001b[39m=\u001b[32m\"4\"\u001b[39m\n              \u001b[36m/>\u001b[39m\n              \u001b[36m<path\u001b[39m\n                \u001b[33md\u001b[39m=\u001b[32m\"M12 18V2l7 4\"\u001b[39m\n              \u001b[36m/>\u001b[39m\n            \u001b[36m</svg>\u001b[39m\n          \u001b[36m</div>\u001b[39m\n          \u001b[36m<span\u001b[39m\n            \u001b[33mclass\u001b[39m=\u001b[32m\"text-foreground text-2xl font-bold tracking-tight\"\u001b[39m\n          \u001b[36m>\u001b[39m\n            \u001b[0mtono\u001b[0m\n          \u001b[36m</span>\u001b[39m\n        \u001b[36m</a>\u001b[39m\n        \u001b[36m<div\u001b[39m\n          \u001b[33mclass\u001b[39m=\u001b[32m\"border-border bg-background/80 hidden items-center gap-1 rounded-full border px-2 py-1.5 shadow-sm md:flex\"\u001b[39m\n        \u001b[36m>\u001b[39m\n          \u001b[36m<a\u001b[39m\n            \u001b[33mclass\u001b[39m=\u001b[32m\"hover:bg-secondary hover:text-primary text-muted-foreground rounded-full px-5 py-2 text-sm font-semibold transition-colors\"\u001b[39m\n            \u001b[33mhref\u001b[39m=\u001b[32m\"#features\"\u001b[39m\n          \u001b[36m>\u001b[39m\n            \u001b[0mFeatures\u001b[0m\n          \u001b[36m</a>\u001b[39m\n          \u001b[36m<a\u001b[39m\n            \u001b[33mclass\u001b[39m=\u001b[32m\"hover:bg-secondary hover:text-primary text-muted-foreground rounded-full px-5 py-2 text-sm font-semibold transition-colors\"\u001b[39m\n            \u001b[33mhref\u001b[39m=\u001b[32m\"#pricing\"\u001b[39m\n          \u001b[36m>\u001b[39m\n            \u001b[0mPricing\u001b[0m\n          \u001b[36m</a>\u001b[39m\n          \u001b[36m<a\u001b[39m\n            \u001b[33mclass\u001b[39m=\u001b[32m\"hover:bg-secondary hover:text-primary text-muted-foreground rounded-full px-5 py-2 text-sm font-semibold transition-colors\"\u001b[39m\n            \u001b[33mhref\u001b[39m=\u001b[32m\"#get-started\"\u001b[39m\n          \u001b[36m>\u001b[39m\n            \u001b[0mGet Started\u001b[0m\n          \u001b[36m</a>\u001b[39m\n          \u001b[36m<div\u001b[39m\n            \u001b[33mdata-testid\u001b[39m=\u001b[32m\"signed-in\"\u001b[39m\n          \u001b[36m>\u001b[39m\n            \u001b[36m<a\u001b[39m\n              \u001b[33mclass\u001b[39m=\u001b[32m\"hover:bg-secondary hover:text-primary text-muted-foreground rounded-full px-5 py-2 text-sm font-semibold transition-colors\"\u001b[39m\n              \u001b[33mhref\u001b[39m=\u001b[32m\"/dashboard\"\u001b[39m\n            \u001b[36m>\u001b[39m\n              \u001b[0mDashboard\u001b[0m\n            \u001b[36m</a>\u001b[39m\n          \u001b[36m</div>\u001b[39m\n        \u001b[36m</div>\u001b[39m\n        \u001b[36m<div\u001b[39m\n          \u001b[33mclass\u001b[39m=\u001b[32m\"hidden items-center gap-4 lg:flex\"\u001b[39m\n        \u001b[36m>\u001b[39m\n          \u001b[36m<div\u001b[39m\n            \u001b[33mdata-testid\u001b[39m=\u001b[32m\"signed-out\"\u001b[39m\n          \u001b[36m>\u001b[39m\n            \u001b[36m<div>\u001b[39m\n              \u001b[36m<button\u001b[39m\n                \u001b[33mclass\u001b[39m=\u001b[32m\"hover:text-primary text-muted-foreground text-sm font-semibold\"\u001b[39m\n              \u001b[36m>\u001b[39m\n                \u001b[0mSign In\u001b[0m\n              \u001b[36m</button>\u001b[39m\n            \u001b[36m</div>\u001b[39m\n            \u001b[36m<div>\u001b[39m\n              \u001b[36m<button\u001b[39m\n                \u001b[33mclass\u001b[39m=\u001b[32m\"group bg-primary shadow-primary/20 hover:bg-primary/90 hover:shadow-primary/30 flex items-center gap-2 rounded-full px-6 py-3 text-sm font-semibold text-white shadow-lg transition-all hover:-translate-y-0.5\"\u001b[39m\n              \u001b[36m>\u001b[39m\n                \u001b[0mStart Playing\u001b[0m\n                \u001b[36m<div\u001b[39m\n                  \u001b[33mclass\u001b[39m=\u001b[32m\"rounded-full bg-white/20 p-1 transition-transform group-hover:translate-x-1\"\u001b[39m\n                \u001b[36m>\u001b[39m\n                  \u001b[36m<svg\u001b[39m\n                    \u001b[33maria-hidden\u001b[39m=\u001b[32m\"true\"\u001b[39m\n                    \u001b[33mclass\u001b[39m=\u001b[32m\"lucide lucide-arrow-up-right h-3 w-3\"\u001b[39m\n                    \u001b[33mfill\u001b[39m=\u001b[32m\"none\"\u001b[39m\n                    \u001b[33mheight\u001b[39m=\u001b[32m\"24\"\u001b[39m\n                    \u001b[33mstroke\u001b[39m=\u001b[32m\"currentColor\"\u001b[39m\n                    \u001b[33mstroke-linecap\u001b[39m=\u001b[32m\"round\"\u001b[39m\n                    \u001b[33mstroke-linejoin\u001b[39m=\u001b[32m\"round\"\u001b[39m\n                    \u001b[33mstroke-width\u001b[39m=\u001b[32m\"2\"\u001b[39m\n                    \u001b[33mviewBox\u001b[39m=\u001b[32m\"0 0 24 24\"\u001b[39m\n                    \u001b[33mwidth\u001b[39m=\u001b[32m\"24\"\u001b[39m\n                    \u001b[33mxmlns\u001b[39m=\u001b[32m\"http://www.w3.org/2000/svg\"\u001b[39m\n                  \u001b[36m>\u001b[39m\n                    \u001b[36m<path\u001b[39m\n                      \u001b[33md\u001b[39m=\u001b[32m\"M7 7h10v10\"\u001b[39m\n                    \u001b[36m/>\u001b[39m\n                    \u001b[36m<path\u001b[39m\n                      \u001b[33md\u001b[39m=\u001b[32m\"M7 17 17 7\"\u001b[39m\n                    \u001b[36m/>\u001b[39m\n                  \u001b[36m</svg>\u001b[39m\n                \u001b[36m</div>\u001b[39m\n              \u001b[36m</button>\u001b[39m\n            \u001b[36m</div>\u001b[39m\n          \u001b[36m</div>\u001b[39m\n          \u001b[36m<div\u001b[39m\n            \u001b[33mdata-testid\u001b[39m=\u001b[32m\"signed-in\"\u001b[39m\n          \u001b[36m>\u001b[39m\n            \u001b[36m<div\u001b[39m\n              \u001b[33mdata-testid\u001b[39m=\u001b[32m\"user-button\"\u001b[39m\n            \u001b[36m>\u001b[39m\n              \u001b[0mUser Menu\u001b[0m\n            \u001b[36m</div>\u001b[39m\n          \u001b[36m</div>\u001b[39m\n        \u001b[36m</div>\u001b[39m\n        \u001b[36m<button\u001b[39m\n          \u001b[33maria-label\u001b[39m=\u001b[32m\"Toggle mobile menu\"\u001b[39m\n          \u001b[33mclass\u001b[39m=\u001b[32m\"z-20 h-6 w-6 cursor-pointer lg:hidden\"\u001b[39m\n        \u001b[36m>\u001b[39m\n          \u001b[36m<svg\u001b[39m\n            \u001b[33maria-hidden\u001b[39m=\u001b[32m\"true\"\u001b[39m\n            \u001b[33mclass\u001b[39m=\u001b[32m\"lucide lucide-menu h-5 w-5\"\u001b[39m\n            \u001b[33mfill\u001b[39m=\u001b[32m\"none\"\u001b[39m\n            \u001b[33mheight\u001b[39m=\u001b[32m\"24\"\u001b[39m\n            \u001b[33mstroke\u001b[39m=\u001b[32m\"currentColor\"\u001b[39m\n            \u001b[33mstroke-linecap\u001b[39m=\u001b[32m\"round\"\u001b[39m\n            \u001b[33mstroke-linejoin\u001b[39m=\u001b[32m\"round\"\u001b[39m\n            \u001b[33mstroke-width\u001b[39m=\u001b[32m\"2\"\u001b[39m\n            \u001b[33mviewBox\u001b[39m=\u001b[32m\"0 0 24 24\"\u001b[39m\n            \u001b[33mwidth\u001b[39m=\u001b[32m\"24\"\u001b[39m\n            \u001b[33mxmlns\u001b[39m=\u001b[32m\"http://www.w3.org/2000/svg\"\u001b[39m\n          \u001b[36m>\u001b[39m\n            \u001b[36m<path\u001b[39m\n              \u001b[33md\u001b[39m=\u001b[32m\"M4 5h16\"\u001b[39m\n            \u001b[36m/>\u001b[39m\n            \u001b[36m<path\u001b[39m\n              \u001b[33md\u001b[39m=\u001b[32m\"M4 12h16\"\u001b[39m\n            \u001b[36m/>\u001b[39m\n            \u001b[36m<path\u001b[39m\n              \u001b[33md\u001b[39m=\u001b[32m\"M4 19h16\"\u001b[39m\n            \u001b[36m/>\u001b[39m\n          \u001b[36m</svg>\u001b[39m\n        \u001b[36m</button>\u001b[39m\n      \u001b[36m</div>\u001b[39m\n    \u001b[36m</nav>\u001b[39m\n  \u001b[36m</div>\u001b[39m\n\u001b[36m</body>\u001b[39m\n    at Object.getElementError (C:\\Users\\migna\\Documents\\tono\\node_modules\\@testing-library\\dom\\dist\\config.js:37:19)\n    at C:\\Users\\migna\\Documents\\tono\\node_modules\\@testing-library\\dom\\dist\\query-helpers.js:76:38\n    at C:\\Users\\migna\\Documents\\tono\\node_modules\\@testing-library\\dom\\dist\\query-helpers.js:109:15\n    at Object.getAllByAltText (C:\\Users\\migna\\Documents\\tono\\__tests__\\component\\Header.test.tsx:40:26)\n    at Promise.finally.completed (C:\\Users\\migna\\Documents\\tono\\node_modules\\jest-circus\\build\\jestAdapterInit.js:1557:28)\n    at new Promise (<anonymous>)\n    at callAsyncCircusFn (C:\\Users\\migna\\Documents\\tono\\node_modules\\jest-circus\\build\\jestAdapterInit.js:1497:10)\n    at _callCircusTest (C:\\Users\\migna\\Documents\\tono\\node_modules\\jest-circus\\build\\jestAdapterInit.js:1007:40)\n    at processTicksAndRejections (node:internal/process/task_queues:105:5)\n    at _runTest (C:\\Users\\migna\\Documents\\tono\\node_modules\\jest-circus\\build\\jestAdapterInit.js:947:3)\n    at C:\\Users\\migna\\Documents\\tono\\node_modules\\jest-circus\\build\\jestAdapterInit.js:849:7\n    at _runTestsForDescribeBlock (C:\\Users\\migna\\Documents\\tono\\node_modules\\jest-circus\\build\\jestAdapterInit.js:862:11)\n    at _runTestsForDescribeBlock (C:\\Users\\migna\\Documents\\tono\\node_modules\\jest-circus\\build\\jestAdapterInit.js:857:11)\n    at run (C:\\Users\\migna\\Documents\\tono\\node_modules\\jest-circus\\build\\jestAdapterInit.js:761:3)\n    at runAndTransformResultsToJestFormat (C:\\Users\\migna\\Documents\\tono\\node_modules\\jest-circus\\build\\jestAdapterInit.js:1918:21)\n    at jestAdapter (C:\\Users\\migna\\Documents\\tono\\node_modules\\jest-circus\\build\\runner.js:101:19)\n    at runTestInternal (C:\\Users\\migna\\Documents\\tono\\node_modules\\jest-runner\\build\\testWorker.js:275:16)\n    at runTest (C:\\Users\\migna\\Documents\\tono\\node_modules\\jest-runner\\build\\testWorker.js:343:7)\n    at Object.worker (C:\\Users\\migna\\Documents\\tono\\node_modules\\jest-runner\\build\\testWorker.js:497:12)"],"fullName":"Header renders the logo","invocations":1,"location":null,"numPassingAsserts":0,"retryReasons":[],"startAt":1766585565171,"status":"failed","title":"renders the logo"},{"ancestorTitles":["Header"],"duration":17,"failing":false,"failureDetails":[{"name":"TestingLibraryElementError"}],"failureMessages":["TestingLibraryElementError: Unable to find an element with the text: Get started. This could be because the text is broken up by multiple elements. In this case, you can provide a function for your text matcher to make your matcher more flexible.\n\nIgnored nodes: comments, script, style\n\u001b[36m<body>\u001b[39m\n  \u001b[36m<div>\u001b[39m\n    \u001b[36m<nav\u001b[39m\n      \u001b[33mclass\u001b[39m=\u001b[32m\"bg-secondary/90 fixed top-0 z-50 w-full px-6 py-6 backdrop-blur-md transition-all\"\u001b[39m\n    \u001b[36m>\u001b[39m\n      \u001b[36m<div\u001b[39m\n        \u001b[33mclass\u001b[39m=\u001b[32m\"mx-auto flex max-w-7xl items-center justify-between\"\u001b[39m\n      \u001b[36m>\u001b[39m\n        \u001b[36m<a\u001b[39m\n          \u001b[33mclass\u001b[39m=\u001b[32m\"flex items-center gap-2\"\u001b[39m\n          \u001b[33mhref\u001b[39m=\u001b[32m\"/\"\u001b[39m\n        \u001b[36m>\u001b[39m\n          \u001b[36m<div\u001b[39m\n            \u001b[33mclass\u001b[39m=\u001b[32m\"bg-primary shadow-primary/20 flex h-10 w-10 rotate-3 items-center justify-center rounded-xl shadow-lg\"\u001b[39m\n          \u001b[36m>\u001b[39m\n            \u001b[36m<svg\u001b[39m\n              \u001b[33maria-hidden\u001b[39m=\u001b[32m\"true\"\u001b[39m\n              \u001b[33mclass\u001b[39m=\u001b[32m\"lucide lucide-music2 lucide-music-2 h-6 w-6 text-white\"\u001b[39m\n              \u001b[33mfill\u001b[39m=\u001b[32m\"none\"\u001b[39m\n              \u001b[33mheight\u001b[39m=\u001b[32m\"24\"\u001b[39m\n              \u001b[33mstroke\u001b[39m=\u001b[32m\"currentColor\"\u001b[39m\n              \u001b[33mstroke-linecap\u001b[39m=\u001b[32m\"round\"\u001b[39m\n              \u001b[33mstroke-linejoin\u001b[39m=\u001b[32m\"round\"\u001b[39m\n              \u001b[33mstroke-width\u001b[39m=\u001b[32m\"2\"\u001b[39m\n              \u001b[33mviewBox\u001b[39m=\u001b[32m\"0 0 24 24\"\u001b[39m\n              \u001b[33mwidth\u001b[39m=\u001b[32m\"24\"\u001b[39m\n              \u001b[33mxmlns\u001b[39m=\u001b[32m\"http://www.w3.org/2000/svg\"\u001b[39m\n            \u001b[36m>\u001b[39m\n              \u001b[36m<circle\u001b[39m\n                \u001b[33mcx\u001b[39m=\u001b[32m\"8\"\u001b[39m\n                \u001b[33mcy\u001b[39m=\u001b[32m\"18\"\u001b[39m\n                \u001b[33mr\u001b[39m=\u001b[32m\"4\"\u001b[39m\n              \u001b[36m/>\u001b[39m\n              \u001b[36m<path\u001b[39m\n                \u001b[33md\u001b[39m=\u001b[32m\"M12 18V2l7 4\"\u001b[39m\n              \u001b[36m/>\u001b[39m\n            \u001b[36m</svg>\u001b[39m\n          \u001b[36m</div>\u001b[39m\n          \u001b[36m<span\u001b[39m\n            \u001b[33mclass\u001b[39m=\u001b[32m\"text-foreground text-2xl font-bold tracking-tight\"\u001b[39m\n          \u001b[36m>\u001b[39m\n            \u001b[0mtono\u001b[0m\n          \u001b[36m</span>\u001b[39m\n        \u001b[36m</a>\u001b[39m\n        \u001b[36m<div\u001b[39m\n          \u001b[33mclass\u001b[39m=\u001b[32m\"border-border bg-background/80 hidden items-center gap-1 rounded-full border px-2 py-1.5 shadow-sm md:flex\"\u001b[39m\n        \u001b[36m>\u001b[39m\n          \u001b[36m<a\u001b[39m\n            \u001b[33mclass\u001b[39m=\u001b[32m\"hover:bg-secondary hover:text-primary text-muted-foreground rounded-full px-5 py-2 text-sm font-semibold transition-colors\"\u001b[39m\n            \u001b[33mhref\u001b[39m=\u001b[32m\"#features\"\u001b[39m\n          \u001b[36m>\u001b[39m\n            \u001b[0mFeatures\u001b[0m\n          \u001b[36m</a>\u001b[39m\n          \u001b[36m<a\u001b[39m\n            \u001b[33mclass\u001b[39m=\u001b[32m\"hover:bg-secondary hover:text-primary text-muted-foreground rounded-full px-5 py-2 text-sm font-semibold transition-colors\"\u001b[39m\n            \u001b[33mhref\u001b[39m=\u001b[32m\"#pricing\"\u001b[39m\n          \u001b[36m>\u001b[39m\n            \u001b[0mPricing\u001b[0m\n          \u001b[36m</a>\u001b[39m\n          \u001b[36m<a\u001b[39m\n            \u001b[33mclass\u001b[39m=\u001b[32m\"hover:bg-secondary hover:text-primary text-muted-foreground rounded-full px-5 py-2 text-sm font-semibold transition-colors\"\u001b[39m\n            \u001b[33mhref\u001b[39m=\u001b[32m\"#get-started\"\u001b[39m\n          \u001b[36m>\u001b[39m\n            \u001b[0mGet Started\u001b[0m\n          \u001b[36m</a>\u001b[39m\n          \u001b[36m<div\u001b[39m\n            \u001b[33mdata-testid\u001b[39m=\u001b[32m\"signed-in\"\u001b[39m\n          \u001b[36m>\u001b[39m\n            \u001b[36m<a\u001b[39m\n              \u001b[33mclass\u001b[39m=\u001b[32m\"hover:bg-secondary hover:text-primary text-muted-foreground rounded-full px-5 py-2 text-sm font-semibold transition-colors\"\u001b[39m\n              \u001b[33mhref\u001b[39m=\u001b[32m\"/dashboard\"\u001b[39m\n            \u001b[36m>\u001b[39m\n              \u001b[0mDashboard\u001b[0m\n            \u001b[36m</a>\u001b[39m\n          \u001b[36m</div>\u001b[39m\n        \u001b[36m</div>\u001b[39m\n        \u001b[36m<div\u001b[39m\n          \u001b[33mclass\u001b[39m=\u001b[32m\"hidden items-center gap-4 lg:flex\"\u001b[39m\n        \u001b[36m>\u001b[39m\n          \u001b[36m<div\u001b[39m\n            \u001b[33mdata-testid\u001b[39m=\u001b[32m\"signed-out\"\u001b[39m\n          \u001b[36m>\u001b[39m\n            \u001b[36m<div>\u001b[39m\n              \u001b[36m<button\u001b[39m\n                \u001b[33mclass\u001b[39m=\u001b[32m\"hover:text-primary text-muted-foreground text-sm font-semibold\"\u001b[39m\n              \u001b[36m>\u001b[39m\n                \u001b[0mSign In\u001b[0m\n              \u001b[36m</button>\u001b[39m\n            \u001b[36m</div>\u001b[39m\n            \u001b[36m<div>\u001b[39m\n              \u001b[36m<button\u001b[39m\n                \u001b[33mclass\u001b[39m=\u001b[32m\"group bg-primary shadow-primary/20 hover:bg-primary/90 hover:shadow-primary/30 flex items-center gap-2 rounded-full px-6 py-3 text-sm font-semibold text-white shadow-lg transition-all hover:-translate-y-0.5\"\u001b[39m\n              \u001b[36m>\u001b[39m\n                \u001b[0mStart Playing\u001b[0m\n                \u001b[36m<div\u001b[39m\n                  \u001b[33mclass\u001b[39m=\u001b[32m\"rounded-full bg-white/20 p-1 transition-transform group-hover:translate-x-1\"\u001b[39m\n                \u001b[36m>\u001b[39m\n                  \u001b[36m<svg\u001b[39m\n                    \u001b[33maria-hidden\u001b[39m=\u001b[32m\"true\"\u001b[39m\n                    \u001b[33mclass\u001b[39m=\u001b[32m\"lucide lucide-arrow-up-right h-3 w-3\"\u001b[39m\n                    \u001b[33mfill\u001b[39m=\u001b[32m\"none\"\u001b[39m\n                    \u001b[33mheight\u001b[39m=\u001b[32m\"24\"\u001b[39m\n                    \u001b[33mstroke\u001b[39m=\u001b[32m\"currentColor\"\u001b[39m\n                    \u001b[33mstroke-linecap\u001b[39m=\u001b[32m\"round\"\u001b[39m\n                    \u001b[33mstroke-linejoin\u001b[39m=\u001b[32m\"round\"\u001b[39m\n                    \u001b[33mstroke-width\u001b[39m=\u001b[32m\"2\"\u001b[39m\n                    \u001b[33mviewBox\u001b[39m=\u001b[32m\"0 0 24 24\"\u001b[39m\n                    \u001b[33mwidth\u001b[39m=\u001b[32m\"24\"\u001b[39m\n                    \u001b[33mxmlns\u001b[39m=\u001b[32m\"http://www.w3.org/2000/svg\"\u001b[39m\n                  \u001b[36m>\u001b[39m\n                    \u001b[36m<path\u001b[39m\n                      \u001b[33md\u001b[39m=\u001b[32m\"M7 7h10v10\"\u001b[39m\n                    \u001b[36m/>\u001b[39m\n                    \u001b[36m<path\u001b[39m\n                      \u001b[33md\u001b[39m=\u001b[32m\"M7 17 17 7\"\u001b[39m\n                    \u001b[36m/>\u001b[39m\n                  \u001b[36m</svg>\u001b[39m\n                \u001b[36m</div>\u001b[39m\n              \u001b[36m</button>\u001b[39m\n            \u001b[36m</div>\u001b[39m\n          \u001b[36m</div>\u001b[39m\n          \u001b[36m<div\u001b[39m\n            \u001b[33mdata-testid\u001b[39m=\u001b[32m\"signed-in\"\u001b[39m\n          \u001b[36m>\u001b[39m\n            \u001b[36m<div\u001b[39m\n              \u001b[33mdata-testid\u001b[39m=\u001b[32m\"user-button\"\u001b[39m\n            \u001b[36m>\u001b[39m\n              \u001b[0mUser Menu\u001b[0m\n            \u001b[36m</div>\u001b[39m\n          \u001b[36m</div>\u001b[39m\n        \u001b[36m</div>\u001b[39m\n        \u001b[36m<button\u001b[39m\n          \u001b[33maria-label\u001b[39m=\u001b[32m\"Toggle mobile menu\"\u001b[39m\n          \u001b[33mclass\u001b[39m=\u001b[32m\"z-20 h-6 w-6 cursor-pointer lg:hidden\"\u001b[39m\n        \u001b[36m>\u001b[39m\n          \u001b[36m<svg\u001b[39m\n            \u001b[33maria-hidden\u001b[39m=\u001b[32m\"true\"\u001b[39m\n            \u001b[33mclass\u001b[39m=\u001b[32m\"lucide lucide-menu h-5 w-5\"\u001b[39m\n            \u001b[33mfill\u001b[39m=\u001b[32m\"none\"\u001b[39m\n            \u001b[33mheight\u001b[39m=\u001b[32m\"24\"\u001b[39m\n            \u001b[33mstroke\u001b[39m=\u001b[32m\"currentColor\"\u001b[39m\n            \u001b[33mstroke-linecap\u001b[39m=\u001b[32m\"round\"\u001b[39m\n            \u001b[33mstroke-linejoin\u001b[39m=\u001b[32m\"round\"\u001b[39m\n            \u001b[33mstroke-width\u001b[39m=\u001b[32m\"2\"\u001b[39m\n            \u001b[33mviewBox\u001b[39m=\u001b[32m\"0 0 24 24\"\u001b[39m\n            \u001b[33mwidth\u001b[39m=\u001b[32m\"24\"\u001b[39m\n            \u001b[33mxmlns\u001b[39m=\u001b[32m\"http://www.w3.org/2000/svg\"\u001b[39m\n          \u001b[36m>\u001b[39m\n            \u001b[36m<path\u001b[39m\n              \u001b[33md\u001b[39m=\u001b[32m\"M4 5h16\"\u001b[39m\n            \u001b[36m/>\u001b[39m\n            \u001b[36m<path\u001b[39m\n              \u001b[33md\u001b[39m=\u001b[32m\"M4 12h16\"\u001b[39m\n            \u001b[36m/>\u001b[39m\n            \u001b[36m<path\u001b[39m\n              \u001b[33md\u001b[39m=\u001b[32m\"M4 19h16\"\u001b[39m\n            \u001b[36m/>\u001b[39m\n          \u001b[36m</svg>\u001b[39m\n        \u001b[36m</button>\u001b[39m\n      \u001b[36m</div>\u001b[39m\n    \u001b[36m</nav>\u001b[39m\n  \u001b[36m</div>\u001b[39m\n\u001b[36m</body>\u001b[39m\n    at Object.getElementError (C:\\Users\\migna\\Documents\\tono\\node_modules\\@testing-library\\dom\\dist\\config.js:37:19)\n    at C:\\Users\\migna\\Documents\\tono\\node_modules\\@testing-library\\dom\\dist\\query-helpers.js:76:38\n    at C:\\Users\\migna\\Documents\\tono\\node_modules\\@testing-library\\dom\\dist\\query-helpers.js:109:15\n    at Object.getAllByText (C:\\Users\\migna\\Documents\\tono\\__tests__\\component\\Header.test.tsx:48:19)\n    at Promise.finally.completed (C:\\Users\\migna\\Documents\\tono\\node_modules\\jest-circus\\build\\jestAdapterInit.js:1557:28)\n    at new Promise (<anonymous>)\n    at callAsyncCircusFn (C:\\Users\\migna\\Documents\\tono\\node_modules\\jest-circus\\build\\jestAdapterInit.js:1497:10)\n    at _callCircusTest (C:\\Users\\migna\\Documents\\tono\\node_modules\\jest-circus\\build\\jestAdapterInit.js:1007:40)\n    at processTicksAndRejections (node:internal/process/task_queues:105:5)\n    at _runTest (C:\\Users\\migna\\Documents\\tono\\node_modules\\jest-circus\\build\\jestAdapterInit.js:947:3)\n    at C:\\Users\\migna\\Documents\\tono\\node_modules\\jest-circus\\build\\jestAdapterInit.js:849:7\n    at _runTestsForDescribeBlock (C:\\Users\\migna\\Documents\\tono\\node_modules\\jest-circus\\build\\jestAdapterInit.js:862:11)\n    at _runTestsForDescribeBlock (C:\\Users\\migna\\Documents\\tono\\node_modules\\jest-circus\\build\\jestAdapterInit.js:857:11)\n    at run (C:\\Users\\migna\\Documents\\tono\\node_modules\\jest-circus\\build\\jestAdapterInit.js:761:3)\n    at runAndTransformResultsToJestFormat (C:\\Users\\migna\\Documents\\tono\\node_modules\\jest-circus\\build\\jestAdapterInit.js:1918:21)\n    at jestAdapter (C:\\Users\\migna\\Documents\\tono\\node_modules\\jest-circus\\build\\runner.js:101:19)\n    at runTestInternal (C:\\Users\\migna\\Documents\\tono\\node_modules\\jest-runner\\build\\testWorker.js:275:16)\n    at runTest (C:\\Users\\migna\\Documents\\tono\\node_modules\\jest-runner\\build\\testWorker.js:343:7)\n    at Object.worker (C:\\Users\\migna\\Documents\\tono\\node_modules\\jest-runner\\build\\testWorker.js:497:12)"],"fullName":"Header renders navigation links","invocations":1,"location":null,"numPassingAsserts":2,"retryReasons":[],"startAt":1766585565235,"status":"failed","title":"renders navigation links"},{"ancestorTitles":["Header"],"duration":14,"failing":false,"failureDetails":[{"name":"TestingLibraryElementError"}],"failureMessages":["TestingLibraryElementError: Unable to find an element with the text: Sign in. This could be because the text is broken up by multiple elements. In this case, you can provide a function for your text matcher to make your matcher more flexible.\n\nIgnored nodes: comments, script, style\n\u001b[36m<body>\u001b[39m\n  \u001b[36m<div>\u001b[39m\n    \u001b[36m<nav\u001b[39m\n      \u001b[33mclass\u001b[39m=\u001b[32m\"bg-secondary/90 fixed top-0 z-50 w-full px-6 py-6 backdrop-blur-md transition-all\"\u001b[39m\n    \u001b[36m>\u001b[39m\n      \u001b[36m<div\u001b[39m\n        \u001b[33mclass\u001b[39m=\u001b[32m\"mx-auto flex max-w-7xl items-center justify-between\"\u001b[39m\n      \u001b[36m>\u001b[39m\n        \u001b[36m<a\u001b[39m\n          \u001b[33mclass\u001b[39m=\u001b[32m\"flex items-center gap-2\"\u001b[39m\n          \u001b[33mhref\u001b[39m=\u001b[32m\"/\"\u001b[39m\n        \u001b[36m>\u001b[39m\n          \u001b[36m<div\u001b[39m\n            \u001b[33mclass\u001b[39m=\u001b[32m\"bg-primary shadow-primary/20 flex h-10 w-10 rotate-3 items-center justify-center rounded-xl shadow-lg\"\u001b[39m\n          \u001b[36m>\u001b[39m\n            \u001b[36m<svg\u001b[39m\n              \u001b[33maria-hidden\u001b[39m=\u001b[32m\"true\"\u001b[39m\n              \u001b[33mclass\u001b[39m=\u001b[32m\"lucide lucide-music2 lucide-music-2 h-6 w-6 text-white\"\u001b[39m\n              \u001b[33mfill\u001b[39m=\u001b[32m\"none\"\u001b[39m\n              \u001b[33mheight\u001b[39m=\u001b[32m\"24\"\u001b[39m\n              \u001b[33mstroke\u001b[39m=\u001b[32m\"currentColor\"\u001b[39m\n              \u001b[33mstroke-linecap\u001b[39m=\u001b[32m\"round\"\u001b[39m\n              \u001b[33mstroke-linejoin\u001b[39m=\u001b[32m\"round\"\u001b[39m\n              \u001b[33mstroke-width\u001b[39m=\u001b[32m\"2\"\u001b[39m\n              \u001b[33mviewBox\u001b[39m=\u001b[32m\"0 0 24 24\"\u001b[39m\n              \u001b[33mwidth\u001b[39m=\u001b[32m\"24\"\u001b[39m\n              \u001b[33mxmlns\u001b[39m=\u001b[32m\"http://www.w3.org/2000/svg\"\u001b[39m\n            \u001b[36m>\u001b[39m\n              \u001b[36
[...]
testing-library\\react\\dist\\pure.js:292:10)\n    at Object.<anonymous> (C:\\Users\\migna\\Documents\\tono\\__tests__\\component\\Hero.test.tsx:40:11)\n    at Promise.finally.completed (C:\\Users\\migna\\Documents\\tono\\node_modules\\jest-circus\\build\\jestAdapterInit.js:1557:28)\n    at new Promise (<anonymous>)\n    at callAsyncCircusFn (C:\\Users\\migna\\Documents\\tono\\node_modules\\jest-circus\\build\\jestAdapterInit.js:1497:10)\n    at _callCircusTest (C:\\Users\\migna\\Documents\\tono\\node_modules\\jest-circus\\build\\jestAdapterInit.js:1007:40)\n    at processTicksAndRejections (node:internal/process/task_queues:105:5)\n    at _runTest (C:\\Users\\migna\\Documents\\tono\\node_modules\\jest-circus\\build\\jestAdapterInit.js:947:3)\n    at C:\\Users\\migna\\Documents\\tono\\node_modules\\jest-circus\\build\\jestAdapterInit.js:849:7\n    at _runTestsForDescribeBlock (C:\\Users\\migna\\Documents\\tono\\node_modules\\jest-circus\\build\\jestAdapterInit.js:862:11)\n    at _runTestsForDescribeBlock (C:\\Users\\migna\\Documents\\tono\\node_modules\\jest-circus\\build\\jestAdapterInit.js:857:11)\n    at run (C:\\Users\\migna\\Documents\\tono\\node_modules\\jest-circus\\build\\jestAdapterInit.js:761:3)\n    at runAndTransformResultsToJestFormat (C:\\Users\\migna\\Documents\\tono\\node_modules\\jest-circus\\build\\jestAdapterInit.js:1918:21)\n    at jestAdapter (C:\\Users\\migna\\Documents\\tono\\node_modules\\jest-circus\\build\\runner.js:101:19)\n    at runTestInternal (C:\\Users\\migna\\Documents\\tono\\node_modules\\jest-runner\\build\\testWorker.js:275:16)\n    at runTest (C:\\Users\\migna\\Documents\\tono\\node_modules\\jest-runner\\build\\testWorker.js:343:7)\n    at Object.worker (C:\\Users\\migna\\Documents\\tono\\node_modules\\jest-runner\\build\\testWorker.js:497:12)"],"fullName":"Hero renders the hero image","invocations":1,"location":null,"numPassingAsserts":0,"retryReasons":[],"startAt":1766585565438,"status":"failed","title":"renders the hero image"},{"ancestorTitles":["Hero"],"duration":12,"failing":false,"failureDetails":[{}],"failureMessages":["Error: invariant expected app router to be mounted\n    at useRouter (C:\\Users\\migna\\Documents\\tono\\node_modules\\next\\src\\client\\components\\navigation.ts:149:11)\n    at GuestToneForm (C:\\Users\\migna\\Documents\\tono\\components\\home\\GuestToneForm.tsx:37:27)\n    at Object.react_stack_bottom_frame (C:\\Users\\migna\\Documents\\tono\\node_modules\\react-dom\\cjs\\react-dom-client.development.js:25904:20)\n    at renderWithHooks (C:\\Users\\migna\\Documents\\tono\\node_modules\\react-dom\\cjs\\react-dom-client.development.js:7662:22)\n    at updateFunctionComponent (C:\\Users\\migna\\Documents\\tono\\node_modules\\react-dom\\cjs\\react-dom-client.development.js:10166:19)\n    at beginWork (C:\\Users\\migna\\Documents\\tono\\node_modules\\react-dom\\cjs\\react-dom-client.development.js:11778:18)\n    at runWithFiberInDEV (C:\\Users\\migna\\Documents\\tono\\node_modules\\react-dom\\cjs\\react-dom-client.development.js:874:13)\n    at performUnitOfWork (C:\\Users\\migna\\Documents\\tono\\node_modules\\react-dom\\cjs\\react-dom-client.development.js:17641:22)\n    at workLoopSync (C:\\Users\\migna\\Documents\\tono\\node_modules\\react-dom\\cjs\\react-dom-client.development.js:17469:41)\n    at renderRootSync (C:\\Users\\migna\\Documents\\tono\\node_modules\\react-dom\\cjs\\react-dom-client.development.js:17450:11)\n    at performWorkOnRoot (C:\\Users\\migna\\Documents\\tono\\node_modules\\react-dom\\cjs\\react-dom-client.development.js:16583:35)\n    at performWorkOnRootViaSchedulerTask (C:\\Users\\migna\\Documents\\tono\\node_modules\\react-dom\\cjs\\react-dom-client.development.js:18957:7)\n    at flushActQueue (C:\\Users\\migna\\Documents\\tono\\node_modules\\react\\cjs\\react.development.js:590:34)\n    at process.env.NODE_ENV.exports.act (C:\\Users\\migna\\Documents\\tono\\node_modules\\react\\cjs\\react.development.js:884:10)\n    at C:\\Users\\migna\\Documents\\tono\\node_modules\\@testing-library\\react\\dist\\act-compat.js:47:25\n    at renderRoot (C:\\Users\\migna\\Documents\\tono\\node_modules\\@testing-library\\react\\dist\\pure.js:190:26)\n    at render (C:\\Users\\migna\\Documents\\tono\\node_modules\\@testing-library\\react\\dist\\pure.js:292:10)\n    at Object.<anonymous> (C:\\Users\\migna\\Documents\\tono\\__tests__\\component\\Hero.test.tsx:47:11)\n    at Promise.finally.completed (C:\\Users\\migna\\Documents\\tono\\node_modules\\jest-circus\\build\\jestAdapterInit.js:1557:28)\n    at new Promise (<anonymous>)\n    at callAsyncCircusFn (C:\\Users\\migna\\Documents\\tono\\node_modules\\jest-circus\\build\\jestAdapterInit.js:1497:10)\n    at _callCircusTest (C:\\Users\\migna\\Documents\\tono\\node_modules\\jest-circus\\build\\jestAdapterInit.js:1007:40)\n    at processTicksAndRejections (node:internal/process/task_queues:105:5)\n    at _runTest (C:\\Users\\migna\\Documents\\tono\\node_modules\\jest-circus\\build\\jestAdapterInit.js:947:3)\n    at C:\\Users\\migna\\Documents\\tono\\node_modules\\jest-circus\\build\\jestAdapterInit.js:849:7\n    at _runTestsForDescribeBlock (C:\\Users\\migna\\Documents\\tono\\node_modules\\jest-circus\\build\\jestAdapterInit.js:862:11)\n    at _runTestsForDescribeBlock (C:\\Users\\migna\\Documents\\tono\\node_modules\\jest-circus\\build\\jestAdapterInit.js:857:11)\n    at run (C:\\Users\\migna\\Documents\\tono\\node_modules\\jest-circus\\build\\jestAdapterInit.js:761:3)\n    at runAndTransformResultsToJestFormat (C:\\Users\\migna\\Documents\\tono\\node_modules\\jest-circus\\build\\jestAdapterInit.js:1918:21)\n    at jestAdapter (C:\\Users\\migna\\Documents\\tono\\node_modules\\jest-circus\\build\\runner.js:101:19)\n    at runTestInternal (C:\\Users\\migna\\Documents\\tono\\node_modules\\jest-runner\\build\\testWorker.js:275:16)\n    at runTest (C:\\Users\\migna\\Documents\\tono\\node_modules\\jest-runner\\build\\testWorker.js:343:7)\n    at Object.worker (C:\\Users\\migna\\Documents\\tono\\node_modules\\jest-runner\\build\\testWorker.js:497:12)"],"fullName":"Hero renders the \"Get started\" button","invocations":1,"location":null,"numPassingAsserts":0,"retryReasons":[],"startAt":1766585565447,"status":"failed","title":"renders the \"Get started\" button"}],"endTime":1766585565498,"message":"  ● Hero › renders the main heading\n\n    invariant expected app router to be mounted\n\n    \u001b[0m \u001b[90m 35 |\u001b[39m\n     \u001b[90m 36 |\u001b[39m \u001b[36mexport\u001b[39m \u001b[36mdefault\u001b[39m \u001b[36mfunction\u001b[39m \u001b[33mGuestToneForm\u001b[39m() {\n    \u001b[31m\u001b[1m>\u001b[22m\u001b[39m\u001b[90m 37 |\u001b[39m   \u001b[36mconst\u001b[39m router \u001b[33m=\u001b[39m useRouter()\u001b[33m;\u001b[39m\n     \u001b[90m    |\u001b[39m                           \u001b[31m\u001b[1m^\u001b[22m\u001b[39m\n     \u001b[90m 38 |\u001b[39m   \u001b[36mconst\u001b[39m [result\u001b[33m,\u001b[39m setResult] \u001b[33m=\u001b[39m useState\u001b[33m<\u001b[39m\u001b[33mGeneratedResult\u001b[39m \u001b[33m|\u001b[39m \u001b[36mnull\u001b[39m\u001b[33m>\u001b[39m(\u001b[36mnull\u001b[39m)\u001b[33m;\u001b[39m\n     \u001b[90m 39 |\u001b[39m   \u001b[36mconst\u001b[39m [attemptedSave\u001b[33m,\u001b[39m setAttemptedSave] \u001b[33m=\u001b[39m useState(\u001b[36mfalse\u001b[39m)\u001b[33m;\u001b[39m\n     \u001b[90m 40 |\u001b[39m\u001b[0m\n\n      at useRouter (node_modules/next/src/client/components/navigation.ts:149:11)\n      at GuestToneForm (components/home/GuestToneForm.tsx:37:27)\n      at Object.react_stack_bottom_frame (node_modules/react-dom/cjs/react-dom-client.development.js:25904:20)\n      at renderWithHooks (node_modules/react-dom/cjs/react-dom-client.development.js:7662:22)\n      at updateFunctionComponent (node_modules/react-dom/cjs/react-dom-client.development.js:10166:19)\n      at beginWork (node_modules/react-dom/cjs/react-dom-client.development.js:11778:18)\n      at runWithFiberInDEV (node_modules/react-dom/cjs/react-dom-client.development.js:874:13)\n      at performUnitOfWork (node_modules/react-dom/cjs/react-dom-client.development.js:17641:22)\n      at workLoopSync (node_modules/react-dom/cjs/react-dom-client.development.js:17469:41)\n      at renderRootSync (node_modules/react-dom/cjs/react-dom-client.development.js:17450:11)\n      at performWorkOnRoot (node_modules/react-dom/cjs/react-dom-client.development.js:16583:35)\n      at performWorkOnRootViaSchedulerTask (node_modules/react-dom/cjs/react-dom-client.development.js:18957:7)\n      at flushActQueue (node_modules/react/cjs/react.development.js:590:34)\n      at process.env.NODE_ENV.exports.act (node_modules/react/cjs/react.development.js:884:10)\n      at node_modules/@testing-library/react/dist/act-compat.js:47:25\n      at renderRoot (node_modules/@testing-library/react/dist/pure.js:190:26)\n      at render (node_modules/@testing-library/react/dist/pure.js:292:10)\n      at Object.<anonymous> (__tests__/component/Hero.test.tsx:21:11)\n\n  ● Hero › renders the description text\n\n    invariant expected app router to be mounted\n\n    \u001b[0m \u001b[90m 35 |\u001b[39m\n     \u001b[90m 36 |\u001b[39m \u001b[36mexport\u001b[39m \u001b[36mdefault\u001b[39m \u001b[36mfunction\u001b[39m \u001b[33mGuestToneForm\u001b[39m() {\n    \u001b[31m\u001b[1m>\u001b[22m\u001b[39m\u001b[90m 37 |\u001b[39m   \u001b[36mconst\u001b[39m router \u001b[33m=\u001b[39m useRouter()\u001b[33m;\u001b[39m\n     \u001b[90m    |\u001b[39m                           \u001b[31m\u001b[1m^\u001b[22m\u001b[39m\n     \u001b[90m 38 |\u001b[39m   \u001b[36mconst\u001b[39m [result\u001b[33m,\u001b[39m setResult] \u001b[33m=\u001b[39m useState\u001b[33m<\u001b[39m\u001b[33mGeneratedResult\u001b[39m \u001b[33m|\u001b[39m \u001b[36mnull\u001b[39m\u001b[33m>\u001b[39m(\u001b[36mnull\u001b[39m)\u001b[33m;\u001b[39m\n     \u001b[90m 39 |\u001b[39m   \u001b[36mconst\u001b[39m [attemptedSave\u001b[33m,\u001b[39m setAttemptedSave] \u001b[33m=\u001b[39m useState(\u001b[36mfalse\u001b[39m)\u001b[33m;\u001b[39m\n     \u001b[90m 40 |\u001b[39m\u001b[0m\n\n      at useRouter (node_modules/next/src/client/components/navigation.ts:149:11)\n      at GuestToneForm (components/home/GuestToneForm.tsx:37:27)\n      at Object.react_stack_bottom_frame (node_modules/react-dom/cjs/react-dom-client.development.js:25904:20)\n      at renderWithHooks (node_modules/react-dom/cjs/react-dom-client.development.js:7662:22)\n      at updateFunctionComponent (node_modules/react-dom/cjs/react-dom-client.development.js:10166:19)\n      at beginWork (node_modules/react-dom/cjs/react-dom-client.development.js:11778:18)\n      at runWithFiberInDEV (node_modules/react-dom/cjs/react-dom-client.development.js:874:13)\n      at performUnitOfWork (node_modules/react-dom/cjs/react-dom-client.development.js:17641:22)\n      at workLoopSync (node_modules/react-dom/cjs/react-dom-client.development.js:17469:41)\n      at renderRootSync (node_modules/react-dom/cjs/react-dom-client.development.js:17450:11)\n      at performWorkOnRoot (node_modules/react-dom/cjs/react-dom-client.development.js:16583:35)\n      at performWorkOnRootViaSchedulerTask (node_modules/react-dom/cjs/react-dom-client.development.js:18957:7)\n      at flushActQueue (node_modules/react/cjs/react.development.js:590:34)\n      at process.env.NODE_ENV.exports.act (node_modules/react/cjs/react.development.js:884:10)\n      at node_modules/@testing-library/react/dist/act-compat.js:47:25\n      at renderRoot (node_modules/@testing-library/react/dist/pure.js:190:26)\n      at render (node_modules/@testing-library/react/dist/pure.js:292:10)\n      at Object.<anonymous> (__tests__/component/Hero.test.tsx:28:11)\n\n  ● Hero › renders the \"Powered by OpenAI\" badge\n\n    invariant expected app router to be mounted\n\n    \u001b[0m \u001b[90m 35 |\u001b[39m\n     \u001b[90m 36 |\u001b[39m \u001b[36mexport\u001b[39m \u001b[36mdefault\u001b[39m \u001b[36mfunction\u001b[39m \u001b[33mGuestToneForm\u001b[39m() {\n    \u001b[31m\u001b[1m>\u001b[22m\u001b[39m\u001b[90m 37 |\u001b[39m   \u001b[36mconst\u001b[39m router \u001b[33m=\u001b[39m useRouter()\u001b[33m;\u001b[39m\n     \u001b[90m    |\u001b[39m                           \u001b[31m\u001b[1m^\u001b[22m\u001b[39m\n     \u001b[90m 38 |\u001b[39m   \u001b[36mconst\u001b[39m [result\u001b[33m,\u001b[39m setResult] \u001b[33m=\u001b[39m useState\u001b[33m<\u001b[39m\u001b[33mGeneratedResult\u001b[39m \u001b[33m|\u001b[39m \u001b[36mnull\u001b[39m\u001b[33m>\u001b[39m(\u001b[36mnull\u001b[39m)\u001b[33m;\u001b[39m\n     \u001b[90m 39 |\u001b[39m   \u001b[36mconst\u001b[39m [attemptedSave\u001b[33m,\u001b[39m setAttemptedSave] \u001b[33m=\u001b[39m useState(\u001b[36mfalse\u001b[39m)\u001b[33m;\u001b[39m\n     \u001b[90m 40 |\u001b[39m\u001b[0m\n\n      at useRouter (node_modules/next/src/client/components/navigation.ts:149:11)\n      at GuestToneForm (components/home/GuestToneForm.tsx:37:27)\n      at Object.react_stack_bottom_frame (node_modules/react-dom/cjs/react-dom-client.development.js:25904:20)\n      at renderWithHooks (node_modules/react-dom/cjs/react-dom-client.development.js:7662:22)\n      at updateFunctionComponent (node_modules/react-dom/cjs/react-dom-client.development.js:10166:19)\n      at beginWork (node_modules/react-dom/cjs/react-dom-client.development.js:11778:18)\n      at runWithFiberInDEV (node_modules/react-dom/cjs/react-dom-client.development.js:874:13)\n      at performUnitOfWork (node_modules/react-dom/cjs/react-dom-client.development.js:17641:22)\n      at workLoopSync (node_modules/react-dom/cjs/react-dom-client.development.js:17469:41)\n      at renderRootSync (node_modules/react-dom/cjs/react-dom-client.development.js:17450:11)\n      at performWorkOnRoot (node_modules/react-dom/cjs/react-dom-client.development.js:16583:35)\n      at performWorkOnRootViaSchedulerTask (node_modules/react-dom/cjs/react-dom-client.development.js:18957:7)\n      at flushActQueue (node_modules/react/cjs/react.development.js:590:34)\n      at process.env.NODE_ENV.exports.act (node_modules/react/cjs/react.development.js:884:10)\n      at node_modules/@testing-library/react/dist/act-compat.js:47:25\n      at renderRoot (node_modules/@testing-library/react/dist/pure.js:190:26)\n      at render (node_modules/@testing-library/react/dist/pure.js:292:10)\n      at Object.<anonymous> (__tests__/component/Hero.test.tsx:35:11)\n\n  ● Hero › renders the hero image\n\n    invariant expected app router to be mounted\n\n    \u001b[0m \u001b[90m 35 |\u001b[39m\n     \u001b[90m 36 |\u001b[39m \u001b[36mexport\u001b[39m \u001b[36mdefault\u001b[39m \u001b[36mfunction\u001b[39m \u001b[33mGuestToneForm\u001b[39m() {\n    \u001b[31m\u001b[1m>\u001b[22m\u001b[39m\u001b[90m 37 |\u001b[39m   \u001b[36mconst\u001b[39m router \u001b[33m=\u001b[39m useRouter()\u001b[33m;\u001b[39m\n     \u001b[90m    |\u001b[39m                           \u001b[31m\u001b[1m^\u001b[22m\u001b[39m\n     \u001b[90m 38 |\u001b[39m   \u001b[36mconst\u001b[39m [result\u001b[33m,\u001b[39m setResult] \u001b[33m=\u001b[39m useState\u001b[33m<\u001b[39m\u001b[33mGeneratedResult\u001b[39m \u001b[33m|\u001b[39m \u001b[36mnull\u001b[39m\u001b[33m>\u001b[39m(\u001b[36mnull\u001b[39m)\u001b[33m;\u001b[39m\n     \u001b[90m 39 |\u001b[39m   \u001b[36mconst\u001b[39m [attemptedSave\u001b[33m,\u001b[39m setAttemptedSave] \u001b[33m=\u001b[39m useState(\u001b[36mfalse\u001b[39m)\u001b[33m;\u001b[39m\n     \u001b[90m 40 |\u001b[39m\u001b[0m\n\n      at useRouter (node_modules/next/src/client/components/navigation.ts:149:11)\n      at GuestToneForm (components/home/GuestToneForm.tsx:37:27)\n      at Object.react_stack_bottom_frame (node_modules/react-dom/cjs/react-dom-client.development.js:25904:20)\n      at renderWithHooks (node_modules/react-dom/cjs/react-dom-client.development.js:7662:22)\n      at updateFunctionComponent (node_modules/react-dom/cjs/react-dom-client.development.js:10166:19)\n      at beginWork (node_modules/react-dom/cjs/react-dom-client.development.js:11778:18)\n      at runWithFiberInDEV (node_modules/react-dom/cjs/react-dom-client.development.js:874:13)\n      at performUnitOfWork (node_modules/react-dom/cjs/react-dom-client.development.js:17641:22)\n      at workLoopSync (node_modules/react-dom/cjs/react-dom-client.development.js:17469:41)\n      at renderRootSync (node_modules/react-dom/cjs/react-dom-client.development.js:17450:11)\n      at performWorkOnRoot (node_modules/react-dom/cjs/react-dom-client.development.js:16583:35)\n      at performWorkOnRootViaSchedulerTask (node_modules/react-dom/cjs/react-dom-client.development.js:18957:7)\n      at flushActQueue (node_modules/react/cjs/react.development.js:590:34)\n      at process.env.NODE_ENV.exports.act (node_modules/react/cjs/react.development.js:884:10)\n      at node_modules/@testing-library/react/dist/act-compat.js:47:25\n      at renderRoot (node_modules/@testing-library/react/dist/pure.js:190:26)\n      at render (node_modules/@testing-library/react/dist/pure.js:292:10)\n      at Object.<anonymous> (__tests__/component/Hero.test.tsx:40:11)\n\n  ● Hero › renders the \"Get started\" button\n\n    invariant expected app router to be mounted\n\n    \u001b[0m \u001b[90m 35 |\u001b[39m\n     \u001b[90m 36 |\u001b[39m \u001b[36mexport\u001b[39m \u001b[36mdefault\u001b[39m \u001b[36mfunction\u001b[39m \u001b[33mGuestToneForm\u001b[39m() {\n    \u001b[31m\u001b[1m>\u001b[22m\u001b[39m\u001b[90m 37 |\u001b[39m   \u001b[36mconst\u001b[39m router \u001b[33m=\u001b[39m useRouter()\u001b[33m;\u001b[39m\n     \u001b[90m    |\u001b[39m                           \u001b[31m\u001b[1m^\u001b[22m\u001b[39m\n     \u001b[90m 38 |\u001b[39m   \u001b[36mconst\u001b[39m [result\u001b[33m,\u001b[39m setResult] \u001b[33m=\u001b[39m useState\u001b[33m<\u001b[39m\u001b[33mGeneratedResult\u001b[39m \u001b[33m|\u001b[39m \u001b[36mnull\u001b[39m\u001b[33m>\u001b[39m(\u001b[36mnull\u001b[39m)\u001b[33m;\u001b[39m\n     \u001b[90m 39 |\u001b[39m   \u001b[36mconst\u001b[39m [attemptedSave\u001b[33m,\u001b[39m setAttemptedSave] \u001b[33m=\u001b[39m useState(\u001b[36mfalse\u001b[39m)\u001b[33m;\u001b[39m\n     \u001b[90m 40 |\u001b[39m\u001b[0m\n\n      at useRouter (node_modules/next/src/client/components/navigation.ts:149:11)\n      at GuestToneForm (components/home/GuestToneForm.tsx:37:27)\n      at Object.react_stack_bottom_frame (node_modules/react-dom/cjs/react-dom-client.development.js:25904:20)\n      at renderWithHooks (node_modules/react-dom/cjs/react-dom-client.development.js:7662:22)\n      at updateFunctionComponent (node_modules/react-dom/cjs/react-dom-client.development.js:10166:19)\n      at beginWork (node_modules/react-dom/cjs/react-dom-client.development.js:11778:18)\n      at runWithFiberInDEV (node_modules/react-dom/cjs/react-dom-client.development.js:874:13)\n      at performUnitOfWork (node_modules/react-dom/cjs/react-dom-client.development.js:17641:22)\n      at workLoopSync (node_modules/react-dom/cjs/react-dom-client.development.js:17469:41)\n      at renderRootSync (node_modules/react-dom/cjs/react-dom-client.development.js:17450:11)\n      at performWorkOnRoot (node_modules/react-dom/cjs/react-dom-client.development.js:16583:35)\n      at performWorkOnRootViaSchedulerTask (node_modules/react-dom/cjs/react-dom-client.development.js:18957:7)\n      at flushActQueue (node_modules/react/cjs/react.development.js:590:34)\n      at process.env.NODE_ENV.exports.act (node_modules/react/cjs/react.development.js:884:10)\n      at node_modules/@testing-library/react/dist/act-compat.js:47:25\n      at renderRoot (node_modules/@testing-library/react/dist/pure.js:190:26)\n      at render (node_modules/@testing-library/react/dist/pure.js:292:10)\n      at Object.<anonymous> (__tests__/component/Hero.test.tsx:47:11)\n","name":"C:\\Users\\migna\\Documents\\tono\\__tests__\\component\\Hero.test.tsx","startTime":1766585563952,"status":"failed","summary":""}],"wasInterrupted":false}
